{"/home/travis/build/npmtest/node-npmtest-jasmine-spec-reporter/test.js":{"path":"/home/travis/build/npmtest/node-npmtest-jasmine-spec-reporter/test.js","s":{"1":2,"2":2,"3":2,"4":2,"5":2,"6":2,"7":2,"8":1,"9":2,"10":2,"11":1,"12":1,"13":1,"14":1,"15":2,"16":2,"17":2,"18":2,"19":1,"20":1,"21":2,"22":2,"23":2,"24":1,"25":1,"26":1,"27":1,"28":1,"29":1,"30":1,"31":1,"32":1,"33":1,"34":1,"35":1,"36":1,"37":1,"38":1,"39":2,"40":2,"41":1,"42":2,"43":2,"44":1,"45":2,"46":2,"47":1,"48":2,"49":2,"50":1,"51":1,"52":1,"53":1,"54":1},"b":{"1":[2,1,1,1],"2":[1,1,1,1],"3":[1,1],"4":[1,1],"5":[1,1],"6":[1,1],"7":[1,1],"8":[1,1],"9":[1,1],"10":[1,1,1],"11":[1,1],"12":[1,1],"13":[1,1],"14":[1,1],"15":[1,1],"16":[1,1],"17":[1,1]},"f":{"1":2,"2":2,"3":2,"4":2,"5":2,"6":1,"7":1,"8":1,"9":2,"10":2,"11":2,"12":2,"13":1},"fnMap":{"1":{"name":"(anonymous_1)","line":12,"loc":{"start":{"line":12,"column":1},"end":{"line":12,"column":13}}},"2":{"name":"(anonymous_2)","line":19,"loc":{"start":{"line":19,"column":5},"end":{"line":19,"column":17}}},"3":{"name":"(anonymous_3)","line":23,"loc":{"start":{"line":23,"column":24},"end":{"line":23,"column":36}}},"4":{"name":"(anonymous_4)","line":61,"loc":{"start":{"line":61,"column":5},"end":{"line":61,"column":17}}},"5":{"name":"(anonymous_5)","line":82,"loc":{"start":{"line":82,"column":5},"end":{"line":82,"column":17}}},"6":{"name":"(anonymous_6)","line":91,"loc":{"start":{"line":91,"column":77},"end":{"line":94,"column":10}}},"7":{"name":"(anonymous_7)","line":112,"loc":{"start":{"line":112,"column":83},"end":{"line":115,"column":10}},"skip":true},"8":{"name":"(anonymous_8)","line":123,"loc":{"start":{"line":123,"column":77},"end":{"line":126,"column":10}},"skip":true},"9":{"name":"(anonymous_9)","line":139,"loc":{"start":{"line":139,"column":12},"end":{"line":139,"column":40}},"skip":true},"10":{"name":"(anonymous_10)","line":147,"loc":{"start":{"line":147,"column":77},"end":{"line":150,"column":10}},"skip":true},"11":{"name":"(anonymous_11)","line":158,"loc":{"start":{"line":158,"column":83},"end":{"line":161,"column":10}},"skip":true},"12":{"name":"(anonymous_12)","line":169,"loc":{"start":{"line":169,"column":79},"end":{"line":172,"column":10}},"skip":true},"13":{"name":"(anonymous_13)","line":180,"loc":{"start":{"line":180,"column":75},"end":{"line":183,"column":10}},"skip":true}},"statementMap":{"1":{"start":{"line":12,"column":0},"end":{"line":195,"column":5}},"2":{"start":{"line":14,"column":4},"end":{"line":14,"column":14}},"3":{"start":{"line":19,"column":4},"end":{"line":56,"column":9}},"4":{"start":{"line":21,"column":8},"end":{"line":21,"column":19}},"5":{"start":{"line":23,"column":8},"end":{"line":35,"column":13}},"6":{"start":{"line":24,"column":12},"end":{"line":34,"column":13}},"7":{"start":{"line":25,"column":16},"end":{"line":28,"column":30}},"8":{"start":{"line":30,"column":16},"end":{"line":33,"column":27}},"9":{"start":{"line":37,"column":8},"end":{"line":39,"column":21}},"10":{"start":{"line":40,"column":8},"end":{"line":53,"column":9}},"11":{"start":{"line":43,"column":12},"end":{"line":46,"column":14}},"12":{"start":{"line":47,"column":12},"end":{"line":47,"column":18}},"13":{"start":{"line":50,"column":12},"end":{"line":51,"column":46}},"14":{"start":{"line":52,"column":12},"end":{"line":52,"column":18}},"15":{"start":{"line":55,"column":8},"end":{"line":55,"column":35}},"16":{"start":{"line":61,"column":4},"end":{"line":63,"column":9}},"17":{"start":{"line":62,"column":8},"end":{"line":62,"column":15}},"18":{"start":{"line":64,"column":4},"end":{"line":77,"column":5}},"19":{"start":{"line":70,"column":8},"end":{"line":70,"column":14}},"20":{"start":{"line":76,"column":8},"end":{"line":76,"column":14}},"21":{"start":{"line":82,"column":4},"end":{"line":84,"column":9}},"22":{"start":{"line":83,"column":8},"end":{"line":83,"column":15}},"23":{"start":{"line":85,"column":4},"end":{"line":194,"column":5}},"24":{"start":{"line":91,"column":8},"end":{"line":99,"column":10}},"25":{"start":{"line":98,"column":12},"end":{"line":98,"column":35}},"26":{"start":{"line":102,"column":8},"end":{"line":104,"column":63}},"27":{"start":{"line":105,"column":8},"end":{"line":105,"column":14}},"28":{"start":{"line":112,"column":8},"end":{"line":121,"column":10},"skip":true},"29":{"start":{"line":119,"column":12},"end":{"line":119,"column":55},"skip":true},"30":{"start":{"line":120,"column":12},"end":{"line":120,"column":48},"skip":true},"31":{"start":{"line":123,"column":8},"end":{"line":136,"column":10},"skip":true},"32":{"start":{"line":130,"column":12},"end":{"line":130,"column":76},"skip":true},"33":{"start":{"line":131,"column":12},"end":{"line":131,"column":73},"skip":true},"34":{"start":{"line":132,"column":12},"end":{"line":132,"column":74},"skip":true},"35":{"start":{"line":133,"column":12},"end":{"line":133,"column":79},"skip":true},"36":{"start":{"line":134,"column":12},"end":{"line":134,"column":25},"skip":true},"37":{"start":{"line":135,"column":12},"end":{"line":135,"column":45},"skip":true},"38":{"start":{"line":138,"column":8},"end":{"line":145,"column":14},"skip":true},"39":{"start":{"line":143,"column":16},"end":{"line":143,"column":29},"skip":true},"40":{"start":{"line":144,"column":16},"end":{"line":144,"column":55},"skip":true},"41":{"start":{"line":147,"column":8},"end":{"line":156,"column":10},"skip":true},"42":{"start":{"line":154,"column":12},"end":{"line":154,"column":25},"skip":true},"43":{"start":{"line":155,"column":12},"end":{"line":155,"column":45},"skip":true},"44":{"start":{"line":158,"column":8},"end":{"line":167,"column":10},"skip":true},"45":{"start":{"line":165,"column":12},"end":{"line":165,"column":25},"skip":true},"46":{"start":{"line":166,"column":12},"end":{"line":166,"column":48},"skip":true},"47":{"start":{"line":169,"column":8},"end":{"line":178,"column":10},"skip":true},"48":{"start":{"line":176,"column":12},"end":{"line":176,"column":25},"skip":true},"49":{"start":{"line":177,"column":12},"end":{"line":177,"column":46},"skip":true},"50":{"start":{"line":180,"column":8},"end":{"line":189,"column":10},"skip":true},"51":{"start":{"line":187,"column":12},"end":{"line":187,"column":94},"skip":true},"52":{"start":{"line":188,"column":12},"end":{"line":188,"column":48},"skip":true},"53":{"start":{"line":192,"column":8},"end":{"line":192,"column":35},"skip":true},"54":{"start":{"line":193,"column":8},"end":{"line":193,"column":14},"skip":true}},"branchMap":{"1":{"line":25,"type":"binary-expr","locations":[{"start":{"line":25,"column":23},"end":{"line":25,"column":62}},{"start":{"line":26,"column":20},"end":{"line":26,"column":70}},{"start":{"line":27,"column":20},"end":{"line":27,"column":71}},{"start":{"line":28,"column":20},"end":{"line":28,"column":29}}]},"2":{"line":30,"type":"binary-expr","locations":[{"start":{"line":30,"column":23},"end":{"line":30,"column":37}},{"start":{"line":31,"column":20},"end":{"line":31,"column":61}},{"start":{"line":32,"column":20},"end":{"line":32,"column":70}},{"start":{"line":33,"column":20},"end":{"line":33,"column":26}}]},"3":{"line":37,"type":"cond-expr","locations":[{"start":{"line":38,"column":14},"end":{"line":38,"column":20}},{"start":{"line":39,"column":14},"end":{"line":39,"column":20}}]},"4":{"line":40,"type":"switch","locations":[{"start":{"line":42,"column":8},"end":{"line":47,"column":18}},{"start":{"line":49,"column":8},"end":{"line":52,"column":18}}]},"5":{"line":44,"type":"binary-expr","locations":[{"start":{"line":44,"column":16},"end":{"line":44,"column":44}},{"start":{"line":44,"column":48},"end":{"line":44,"column":66}}]},"6":{"line":50,"type":"binary-expr","locations":[{"start":{"line":50,"column":21},"end":{"line":50,"column":49}},{"start":{"line":50,"column":53},"end":{"line":50,"column":72}}]},"7":{"line":64,"type":"switch","locations":[{"start":{"line":69,"column":4},"end":{"line":70,"column":14}},{"start":{"line":75,"column":4},"end":{"line":76,"column":14}}]},"8":{"line":85,"type":"switch","locations":[{"start":{"line":90,"column":4},"end":{"line":105,"column":14}},{"start":{"line":111,"column":4},"end":{"line":193,"column":14},"skip":true}]},"9":{"line":91,"type":"binary-expr","locations":[{"start":{"line":91,"column":42},"end":{"line":91,"column":73}},{"start":{"line":91,"column":77},"end":{"line":99,"column":9}}]},"10":{"line":102,"type":"binary-expr","locations":[{"start":{"line":102,"column":18},"end":{"line":102,"column":32}},{"start":{"line":103,"column":12},"end":{"line":103,"column":53}},{"start":{"line":104,"column":12},"end":{"line":104,"column":61}}]},"11":{"line":112,"type":"binary-expr","locations":[{"start":{"line":112,"column":45},"end":{"line":112,"column":79},"skip":true},{"start":{"line":112,"column":83},"end":{"line":121,"column":9},"skip":true}]},"12":{"line":123,"type":"binary-expr","locations":[{"start":{"line":123,"column":42},"end":{"line":123,"column":73},"skip":true},{"start":{"line":123,"column":77},"end":{"line":136,"column":9},"skip":true}]},"13":{"line":138,"type":"binary-expr","locations":[{"start":{"line":138,"column":48},"end":{"line":138,"column":85},"skip":true},{"start":{"line":139,"column":12},"end":{"line":145,"column":13},"skip":true}]},"14":{"line":147,"type":"binary-expr","locations":[{"start":{"line":147,"column":42},"end":{"line":147,"column":73},"skip":true},{"start":{"line":147,"column":77},"end":{"line":156,"column":9},"skip":true}]},"15":{"line":158,"type":"binary-expr","locations":[{"start":{"line":158,"column":45},"end":{"line":158,"column":79},"skip":true},{"start":{"line":158,"column":83},"end":{"line":167,"column":9},"skip":true}]},"16":{"line":169,"type":"binary-expr","locations":[{"start":{"line":169,"column":43},"end":{"line":169,"column":75},"skip":true},{"start":{"line":169,"column":79},"end":{"line":178,"column":9},"skip":true}]},"17":{"line":180,"type":"binary-expr","locations":[{"start":{"line":180,"column":41},"end":{"line":180,"column":71},"skip":true},{"start":{"line":180,"column":75},"end":{"line":189,"column":9},"skip":true}]}},"code":["/* istanbul instrument in package npmtest_jasmine_spec_reporter */","/*jslint","    bitwise: true,","    browser: true,","    maxerr: 8,","    maxlen: 96,","    node: true,","    nomen: true,","    regexp: true,","    stupid: true","*/","(function () {","    'use strict';","    var local;","","","","    // run shared js-env code - pre-init","    (function () {","        // init local","        local = {};","        // init modeJs","        local.modeJs = (function () {","            try {","                return typeof navigator.userAgent === 'string' &&","                    typeof document.querySelector('body') === 'object' &&","                    typeof XMLHttpRequest.prototype.open === 'function' &&","                    'browser';","            } catch (errorCaughtBrowser) {","                return module.exports &&","                    typeof process.versions.node === 'string' &&","                    typeof require('http').createServer === 'function' &&","                    'node';","            }","        }());","        // init global","        local.global = local.modeJs === 'browser'","            ? window","            : global;","        switch (local.modeJs) {","        // re-init local from window.local","        case 'browser':","            local = local.global.utility2.objectSetDefault(","                local.global.utility2_rollup || local.global.local,","                local.global.utility2","            );","            break;","        // re-init local from example.js","        case 'node':","            local = (local.global.utility2_rollup || require('utility2'))","                .requireExampleJsFromReadme();","            break;","        }","        // export local","        local.global.local = local;","    }());","","","","    // run shared js-env code - function","    (function () {","        return;","    }());","    switch (local.modeJs) {","","","","    // run browser js-env code - function","    case 'browser':","        break;","","","","    // run node js-env code - function","    case 'node':","        break;","    }","","","","    // run shared js-env code - post-init","    (function () {","        return;","    }());","    switch (local.modeJs) {","","","","    // run browser js-env code - post-init","    case 'browser':","        local.testCase_browser_nullCase = local.testCase_browser_nullCase || function (","            options,","            onError","        ) {","        /*","         * this function will test browsers's null-case handling-behavior-behavior","         */","            onError(null, options);","        };","","        // run tests","        local.nop(local.modeTest &&","            document.querySelector('#testRunButton1') &&","            document.querySelector('#testRunButton1').click());","        break;","","","","    // run node js-env code - post-init","    /* istanbul ignore next */","    case 'node':","        local.testCase_buildApidoc_default = local.testCase_buildApidoc_default || function (","            options,","            onError","        ) {","        /*","         * this function will test buildApidoc's default handling-behavior-behavior","         */","            options = { modulePathList: module.paths };","            local.buildApidoc(options, onError);","        };","","        local.testCase_buildApp_default = local.testCase_buildApp_default || function (","            options,","            onError","        ) {","        /*","         * this function will test buildApp's default handling-behavior-behavior","         */","            local.testCase_buildReadme_default(options, local.onErrorThrow);","            local.testCase_buildLib_default(options, local.onErrorThrow);","            local.testCase_buildTest_default(options, local.onErrorThrow);","            local.testCase_buildCustomOrg_default(options, local.onErrorThrow);","            options = [];","            local.buildApp(options, onError);","        };","","        local.testCase_buildCustomOrg_default = local.testCase_buildCustomOrg_default ||","            function (options, onError) {","            /*","             * this function will test buildCustomOrg's default handling-behavior","             */","                options = {};","                local.buildCustomOrg(options, onError);","            };","","        local.testCase_buildLib_default = local.testCase_buildLib_default || function (","            options,","            onError","        ) {","        /*","         * this function will test buildLib's default handling-behavior","         */","            options = {};","            local.buildLib(options, onError);","        };","","        local.testCase_buildReadme_default = local.testCase_buildReadme_default || function (","            options,","            onError","        ) {","        /*","         * this function will test buildReadme's default handling-behavior-behavior","         */","            options = {};","            local.buildReadme(options, onError);","        };","","        local.testCase_buildTest_default = local.testCase_buildTest_default || function (","            options,","            onError","        ) {","        /*","         * this function will test buildTest's default handling-behavior","         */","            options = {};","            local.buildTest(options, onError);","        };","","        local.testCase_webpage_default = local.testCase_webpage_default || function (","            options,","            onError","        ) {","        /*","         * this function will test webpage's default handling-behavior","         */","            options = { modeCoverageMerge: true, url: local.serverLocalHost + '?modeTest=1' };","            local.browserTest(options, onError);","        };","","        // run test-server","        local.testRunServer(local);","        break;","    }","}());",""],"l":{"12":2,"14":2,"19":2,"21":2,"23":2,"24":2,"25":2,"30":1,"37":2,"40":2,"43":1,"47":1,"50":1,"52":1,"55":2,"61":2,"62":2,"64":2,"70":1,"76":1,"82":2,"83":2,"85":2,"91":1,"98":1,"102":1,"105":1,"112":1,"119":1,"120":1,"123":1,"130":1,"131":1,"132":1,"133":1,"134":1,"135":1,"138":1,"143":2,"144":2,"147":1,"154":2,"155":2,"158":1,"165":2,"166":2,"169":1,"176":2,"177":2,"180":1,"187":1,"188":1,"192":1,"193":1}},"/home/travis/build/npmtest/node-npmtest-jasmine-spec-reporter/lib.npmtest_jasmine_spec_reporter.js":{"path":"/home/travis/build/npmtest/node-npmtest-jasmine-spec-reporter/lib.npmtest_jasmine_spec_reporter.js","s":{"1":2,"2":2,"3":2,"4":2,"5":2,"6":2,"7":2,"8":1,"9":2,"10":2,"11":2,"12":2,"13":1,"14":1,"15":1,"16":1},"b":{"1":[2,1,1,1],"2":[1,1,1,1],"3":[1,1],"4":[2,2],"5":[1,1]},"f":{"1":2,"2":2,"3":2},"fnMap":{"1":{"name":"(anonymous_1)","line":12,"loc":{"start":{"line":12,"column":1},"end":{"line":12,"column":13}}},"2":{"name":"(anonymous_2)","line":19,"loc":{"start":{"line":19,"column":5},"end":{"line":19,"column":17}}},"3":{"name":"(anonymous_3)","line":23,"loc":{"start":{"line":23,"column":24},"end":{"line":23,"column":36}}}},"statementMap":{"1":{"start":{"line":12,"column":0},"end":{"line":53,"column":5}},"2":{"start":{"line":14,"column":4},"end":{"line":14,"column":14}},"3":{"start":{"line":19,"column":4},"end":{"line":52,"column":9}},"4":{"start":{"line":21,"column":8},"end":{"line":21,"column":19}},"5":{"start":{"line":23,"column":8},"end":{"line":35,"column":13}},"6":{"start":{"line":24,"column":12},"end":{"line":34,"column":13}},"7":{"start":{"line":25,"column":16},"end":{"line":28,"column":30}},"8":{"start":{"line":30,"column":16},"end":{"line":33,"column":27}},"9":{"start":{"line":37,"column":8},"end":{"line":39,"column":21}},"10":{"start":{"line":41,"column":8},"end":{"line":41,"column":54}},"11":{"start":{"line":43,"column":8},"end":{"line":43,"column":66}},"12":{"start":{"line":45,"column":8},"end":{"line":51,"column":9}},"13":{"start":{"line":46,"column":12},"end":{"line":46,"column":72}},"14":{"start":{"line":48,"column":12},"end":{"line":48,"column":35}},"15":{"start":{"line":49,"column":12},"end":{"line":49,"column":49}},"16":{"start":{"line":50,"column":12},"end":{"line":50,"column":43}}},"branchMap":{"1":{"line":25,"type":"binary-expr","locations":[{"start":{"line":25,"column":23},"end":{"line":25,"column":62}},{"start":{"line":26,"column":20},"end":{"line":26,"column":70}},{"start":{"line":27,"column":20},"end":{"line":27,"column":71}},{"start":{"line":28,"column":20},"end":{"line":28,"column":29}}]},"2":{"line":30,"type":"binary-expr","locations":[{"start":{"line":30,"column":23},"end":{"line":30,"column":37}},{"start":{"line":31,"column":20},"end":{"line":31,"column":61}},{"start":{"line":32,"column":20},"end":{"line":32,"column":70}},{"start":{"line":33,"column":20},"end":{"line":33,"column":26}}]},"3":{"line":37,"type":"cond-expr","locations":[{"start":{"line":38,"column":14},"end":{"line":38,"column":20}},{"start":{"line":39,"column":14},"end":{"line":39,"column":20}}]},"4":{"line":41,"type":"binary-expr","locations":[{"start":{"line":41,"column":16},"end":{"line":41,"column":44}},{"start":{"line":41,"column":48},"end":{"line":41,"column":53}}]},"5":{"line":45,"type":"if","locations":[{"start":{"line":45,"column":8},"end":{"line":45,"column":8}},{"start":{"line":45,"column":8},"end":{"line":45,"column":8}}]}},"code":["/* istanbul instrument in package npmtest_jasmine_spec_reporter */","/*jslint","    bitwise: true,","    browser: true,","    maxerr: 8,","    maxlen: 96,","    node: true,","    nomen: true,","    regexp: true,","    stupid: true","*/","(function () {","    'use strict';","    var local;","","","","    // run shared js-env code - pre-init","    (function () {","        // init local","        local = {};","        // init modeJs","        local.modeJs = (function () {","            try {","                return typeof navigator.userAgent === 'string' &&","                    typeof document.querySelector('body') === 'object' &&","                    typeof XMLHttpRequest.prototype.open === 'function' &&","                    'browser';","            } catch (errorCaughtBrowser) {","                return module.exports &&","                    typeof process.versions.node === 'string' &&","                    typeof require('http').createServer === 'function' &&","                    'node';","            }","        }());","        // init global","        local.global = local.modeJs === 'browser'","            ? window","            : global;","        // init utility2_rollup","        local = local.global.utility2_rollup || local;","        // init lib","        local.local = local.npmtest_jasmine_spec_reporter = local;","        // init exports","        if (local.modeJs === 'browser') {","            local.global.utility2_npmtest_jasmine_spec_reporter = local;","        } else {","            module.exports = local;","            module.exports.__dirname = __dirname;","            module.exports.module = module;","        }","    }());","}());",""],"l":{"12":2,"14":2,"19":2,"21":2,"23":2,"24":2,"25":2,"30":1,"37":2,"41":2,"43":2,"45":2,"46":1,"48":1,"49":1,"50":1}},"/home/travis/build/npmtest/node-npmtest-jasmine-spec-reporter/example.js":{"path":"/home/travis/build/npmtest/node-npmtest-jasmine-spec-reporter/example.js","s":{"1":2,"2":2,"3":2,"4":2,"5":2,"6":2,"7":2,"8":1,"9":2,"10":2,"11":2,"12":2,"13":1,"14":2,"15":2,"16":2,"17":2,"18":2,"19":0,"20":2,"21":1,"22":1,"23":1,"24":1,"25":1,"26":0,"27":0,"28":1,"29":1,"30":2,"31":0,"32":0,"33":0,"34":1,"35":2,"36":2,"37":3,"38":3,"39":3,"40":3,"41":0,"42":3,"43":3,"44":3,"45":1,"46":3,"47":1,"48":1,"49":1,"50":1,"51":1,"52":1,"53":1,"54":1,"55":1,"56":1,"57":0,"58":1,"59":6,"60":6,"61":1,"62":2,"63":0,"64":2,"65":1,"66":1,"67":0,"68":0,"69":0,"70":0,"71":0,"72":0,"73":0,"74":0,"75":0,"76":0,"77":0,"78":0,"79":0,"80":0,"81":0,"82":0,"83":0},"b":{"1":[2,1,1,1],"2":[1,1,1,1],"3":[1,1],"4":[2,2],"5":[1,1],"6":[1,1],"7":[2,0],"8":[2,1,1,1,1,1],"9":[0,2,0],"10":[1,1],"11":[2,1,1],"12":[1,0],"13":[0,2],"14":[2,0,0,0,0,0,0],"15":[0,3],"16":[3,0],"17":[1,1],"18":[0,1],"19":[1,2,0,2],"20":[1,0],"21":[1,1],"22":[0,0],"23":[0,0],"24":[0,0],"25":[0,0],"26":[0,0],"27":[0,0],"28":[0,0]},"f":{"1":2,"2":2,"3":2,"4":2,"5":2,"6":2,"7":3,"8":3,"9":3,"10":1,"11":6,"12":0},"fnMap":{"1":{"name":"(anonymous_1)","line":26,"loc":{"start":{"line":26,"column":1},"end":{"line":26,"column":13}}},"2":{"name":"(anonymous_2)","line":33,"loc":{"start":{"line":33,"column":5},"end":{"line":33,"column":17}}},"3":{"name":"(anonymous_3)","line":37,"loc":{"start":{"line":37,"column":24},"end":{"line":37,"column":36}}},"4":{"name":"(anonymous_4)","line":69,"loc":{"start":{"line":69,"column":31},"end":{"line":69,"column":48}},"skip":true},"5":{"name":"(anonymous_5)","line":78,"loc":{"start":{"line":78,"column":26},"end":{"line":78,"column":45}},"skip":true},"6":{"name":"(anonymous_6)","line":123,"loc":{"start":{"line":123,"column":33},"end":{"line":123,"column":48}},"skip":true},"7":{"name":"(anonymous_7)","line":125,"loc":{"start":{"line":125,"column":27},"end":{"line":125,"column":39}},"skip":true},"8":{"name":"(anonymous_8)","line":133,"loc":{"start":{"line":133,"column":59},"end":{"line":133,"column":74}},"skip":true},"9":{"name":"(anonymous_9)","line":143,"loc":{"start":{"line":143,"column":45},"end":{"line":143,"column":62}},"skip":true},"10":{"name":"(anonymous_10)","line":144,"loc":{"start":{"line":144,"column":73},"end":{"line":144,"column":92}},"skip":true},"11":{"name":"(anonymous_11)","line":272,"loc":{"start":{"line":272,"column":51},"end":{"line":272,"column":77}},"skip":true},"12":{"name":"(anonymous_12)","line":315,"loc":{"start":{"line":315,"column":32},"end":{"line":315,"column":61}},"skip":true}},"statementMap":{"1":{"start":{"line":26,"column":0},"end":{"line":326,"column":5}},"2":{"start":{"line":28,"column":4},"end":{"line":28,"column":14}},"3":{"start":{"line":33,"column":4},"end":{"line":60,"column":9}},"4":{"start":{"line":35,"column":8},"end":{"line":35,"column":19}},"5":{"start":{"line":37,"column":8},"end":{"line":49,"column":13}},"6":{"start":{"line":38,"column":12},"end":{"line":48,"column":13}},"7":{"start":{"line":39,"column":16},"end":{"line":42,"column":30}},"8":{"start":{"line":44,"column":16},"end":{"line":47,"column":27}},"9":{"start":{"line":51,"column":8},"end":{"line":53,"column":21}},"10":{"start":{"line":55,"column":8},"end":{"line":57,"column":45}},"11":{"start":{"line":59,"column":8},"end":{"line":59,"column":35}},"12":{"start":{"line":61,"column":4},"end":{"line":325,"column":5}},"13":{"start":{"line":69,"column":8},"end":{"line":121,"column":10},"skip":true},"14":{"start":{"line":70,"column":12},"end":{"line":88,"column":13},"skip":true},"15":{"start":{"line":76,"column":16},"end":{"line":87,"column":19},"skip":true},"16":{"start":{"line":79,"column":20},"end":{"line":86,"column":21},"skip":true},"17":{"start":{"line":82,"column":24},"end":{"line":82,"column":43},"skip":true},"18":{"start":{"line":83,"column":24},"end":{"line":83,"column":30},"skip":true},"19":{"start":{"line":85,"column":24},"end":{"line":85,"column":49},"skip":true},"20":{"start":{"line":89,"column":12},"end":{"line":107,"column":13},"skip":true},"21":{"start":{"line":92,"column":16},"end":{"line":102,"column":17},"skip":true},"22":{"start":{"line":93,"column":20},"end":{"line":93,"column":86},"skip":true},"23":{"start":{"line":94,"column":20},"end":{"line":95,"column":45},"skip":true},"24":{"start":{"line":96,"column":20},"end":{"line":96,"column":42},"skip":true},"25":{"start":{"line":97,"column":20},"end":{"line":97,"column":48},"skip":true},"26":{"start":{"line":100,"column":20},"end":{"line":100,"column":85},"skip":true},"27":{"start":{"line":101,"column":20},"end":{"line":101,"column":96},"skip":true},"28":{"start":{"line":103,"column":16},"end":{"line":103,"column":22},"skip":true},"29":{"start":{"line":106,"column":16},"end":{"line":106,"column":22},"skip":true},"30":{"start":{"line":108,"column":12},"end":{"line":120,"column":13},"skip":true},"31":{"start":{"line":114,"column":16},"end":{"line":119,"column":17},"skip":true},"32":{"start":{"line":116,"column":20},"end":{"line":116,"column":78},"skip":true},"33":{"start":{"line":118,"column":20},"end":{"line":118,"column":47},"skip":true},"34":{"start":{"line":123,"column":8},"end":{"line":141,"column":11},"skip":true},"35":{"start":{"line":124,"column":12},"end":{"line":124,"column":54},"skip":true},"36":{"start":{"line":125,"column":12},"end":{"line":140,"column":14},"skip":true},"37":{"start":{"line":126,"column":16},"end":{"line":126,"column":28},"skip":true},"38":{"start":{"line":127,"column":16},"end":{"line":127,"column":69},"skip":true},"39":{"start":{"line":128,"column":16},"end":{"line":128,"column":75},"skip":true},"40":{"start":{"line":129,"column":16},"end":{"line":131,"column":17},"skip":true},"41":{"start":{"line":130,"column":20},"end":{"line":130,"column":27},"skip":true},"42":{"start":{"line":133,"column":16},"end":{"line":137,"column":36},"skip":true},"43":{"start":{"line":134,"column":20},"end":{"line":136,"column":55},"skip":true},"44":{"start":{"line":139,"column":16},"end":{"line":139,"column":57},"skip":true},"45":{"start":{"line":143,"column":8},"end":{"line":147,"column":11},"skip":true},"46":{"start":{"line":144,"column":12},"end":{"line":146,"column":15},"skip":true},"47":{"start":{"line":145,"column":16},"end":{"line":145,"column":70},"skip":true},"48":{"start":{"line":149,"column":8},"end":{"line":149,"column":31},"skip":true},"49":{"start":{"line":150,"column":8},"end":{"line":150,"column":14},"skip":true},"50":{"start":{"line":158,"column":8},"end":{"line":158,"column":31},"skip":true},"51":{"start":{"line":160,"column":8},"end":{"line":160,"column":33},"skip":true},"52":{"start":{"line":161,"column":8},"end":{"line":161,"column":37},"skip":true},"53":{"start":{"line":162,"column":8},"end":{"line":162,"column":35},"skip":true},"54":{"start":{"line":164,"column":8},"end":{"line":164,"column":50},"skip":true},"55":{"start":{"line":166,"column":8},"end":{"line":256,"column":2},"skip":true},"56":{"start":{"line":258,"column":8},"end":{"line":286,"column":9},"skip":true},"57":{"start":{"line":259,"column":12},"end":{"line":269,"column":14},"skip":true},"58":{"start":{"line":271,"column":12},"end":{"line":285,"column":19},"skip":true},"59":{"start":{"line":274,"column":20},"end":{"line":274,"column":35},"skip":true},"60":{"start":{"line":275,"column":20},"end":{"line":284,"column":21},"skip":true},"61":{"start":{"line":277,"column":24},"end":{"line":277,"column":64},"skip":true},"62":{"start":{"line":279,"column":24},"end":{"line":279,"column":40},"skip":true},"63":{"start":{"line":281,"column":24},"end":{"line":281,"column":40},"skip":true},"64":{"start":{"line":283,"column":24},"end":{"line":283,"column":39},"skip":true},"65":{"start":{"line":288,"column":8},"end":{"line":290,"column":9},"skip":true},"66":{"start":{"line":289,"column":12},"end":{"line":289,"column":18},"skip":true},"67":{"start":{"line":291,"column":8},"end":{"line":293,"column":54},"skip":true},"68":{"start":{"line":296,"column":8},"end":{"line":301,"column":37},"skip":true},"69":{"start":{"line":303,"column":8},"end":{"line":303,"column":82},"skip":true},"70":{"start":{"line":306,"column":8},"end":{"line":308,"column":9},"skip":true},"71":{"start":{"line":307,"column":12},"end":{"line":307,"column":82},"skip":true},"72":{"start":{"line":310,"column":8},"end":{"line":312,"column":9},"skip":true},"73":{"start":{"line":311,"column":12},"end":{"line":311,"column":18},"skip":true},"74":{"start":{"line":313,"column":8},"end":{"line":313,"column":54},"skip":true},"75":{"start":{"line":314,"column":8},"end":{"line":314,"column":69},"skip":true},"76":{"start":{"line":315,"column":8},"end":{"line":323,"column":36},"skip":true},"77":{"start":{"line":316,"column":12},"end":{"line":316,"column":61},"skip":true},"78":{"start":{"line":317,"column":12},"end":{"line":320,"column":13},"skip":true},"79":{"start":{"line":318,"column":16},"end":{"line":318,"column":75},"skip":true},"80":{"start":{"line":319,"column":16},"end":{"line":319,"column":23},"skip":true},"81":{"start":{"line":321,"column":12},"end":{"line":321,"column":38},"skip":true},"82":{"start":{"line":322,"column":12},"end":{"line":322,"column":27},"skip":true},"83":{"start":{"line":324,"column":8},"end":{"line":324,"column":14},"skip":true}},"branchMap":{"1":{"line":39,"type":"binary-expr","locations":[{"start":{"line":39,"column":23},"end":{"line":39,"column":62}},{"start":{"line":40,"column":20},"end":{"line":40,"column":70}},{"start":{"line":41,"column":20},"end":{"line":41,"column":71}},{"start":{"line":42,"column":20},"end":{"line":42,"column":29}}]},"2":{"line":44,"type":"binary-expr","locations":[{"start":{"line":44,"column":23},"end":{"line":44,"column":37}},{"start":{"line":45,"column":20},"end":{"line":45,"column":61}},{"start":{"line":46,"column":20},"end":{"line":46,"column":70}},{"start":{"line":47,"column":20},"end":{"line":47,"column":26}}]},"3":{"line":51,"type":"cond-expr","locations":[{"start":{"line":52,"column":14},"end":{"line":52,"column":20}},{"start":{"line":53,"column":14},"end":{"line":53,"column":20}}]},"4":{"line":55,"type":"binary-expr","locations":[{"start":{"line":55,"column":16},"end":{"line":55,"column":44}},{"start":{"line":55,"column":49},"end":{"line":57,"column":43}}]},"5":{"line":55,"type":"cond-expr","locations":[{"start":{"line":56,"column":14},"end":{"line":56,"column":65}},{"start":{"line":57,"column":14},"end":{"line":57,"column":43}}]},"6":{"line":61,"type":"switch","locations":[{"start":{"line":68,"column":4},"end":{"line":150,"column":14},"skip":true},{"start":{"line":156,"column":4},"end":{"line":324,"column":14},"skip":true}]},"7":{"line":70,"type":"if","locations":[{"start":{"line":70,"column":12},"end":{"line":70,"column":12},"skip":true},{"start":{"line":70,"column":12},"end":{"line":70,"column":12},"skip":true}]},"8":{"line":70,"type":"binary-expr","locations":[{"start":{"line":70,"column":16},"end":{"line":70,"column":22},"skip":true},{"start":{"line":70,"column":27},"end":{"line":70,"column":32},"skip":true},{"start":{"line":71,"column":20},"end":{"line":71,"column":39},"skip":true},{"start":{"line":72,"column":20},"end":{"line":72,"column":49},"skip":true},{"start":{"line":73,"column":20},"end":{"line":73,"column":58},"skip":true},{"start":{"line":74,"column":20},"end":{"line":74,"column":69},"skip":true}]},"9":{"line":79,"type":"switch","locations":[{"start":{"line":80,"column":20},"end":{"line":80,"column":33},"skip":true},{"start":{"line":81,"column":20},"end":{"line":83,"column":30},"skip":true},{"start":{"line":84,"column":20},"end":{"line":85,"column":49},"skip":true}]},"10":{"line":89,"type":"switch","locations":[{"start":{"line":90,"column":12},"end":{"line":103,"column":22},"skip":true},{"start":{"line":105,"column":12},"end":{"line":106,"column":22},"skip":true}]},"11":{"line":89,"type":"binary-expr","locations":[{"start":{"line":89,"column":20},"end":{"line":89,"column":25},"skip":true},{"start":{"line":89,"column":29},"end":{"line":89,"column":48},"skip":true},{"start":{"line":89,"column":52},"end":{"line":89,"column":74},"skip":true}]},"12":{"line":92,"type":"if","locations":[{"start":{"line":92,"column":16},"end":{"line":92,"column":16},"skip":true},{"start":{"line":92,"column":16},"end":{"line":92,"column":16},"skip":true}]},"13":{"line":108,"type":"if","locations":[{"start":{"line":108,"column":12},"end":{"line":108,"column":12},"skip":true},{"start":{"line":108,"column":12},"end":{"line":108,"column":12},"skip":true}]},"14":{"line":108,"type":"binary-expr","locations":[{"start":{"line":108,"column":16},"end":{"line":108,"column":61},"skip":true},{"start":{"line":108,"column":66},"end":{"line":108,"column":72},"skip":true},{"start":{"line":108,"column":77},"end":{"line":108,"column":82},"skip":true},{"start":{"line":109,"column":20},"end":{"line":109,"column":39},"skip":true},{"start":{"line":110,"column":20},"end":{"line":110,"column":49},"skip":true},{"start":{"line":111,"column":20},"end":{"line":111,"column":58},"skip":true},{"start":{"line":112,"column":20},"end":{"line":112,"column":68},"skip":true}]},"15":{"line":129,"type":"if","locations":[{"start":{"line":129,"column":16},"end":{"line":129,"column":16},"skip":true},{"start":{"line":129,"column":16},"end":{"line":129,"column":16},"skip":true}]},"16":{"line":134,"type":"cond-expr","locations":[{"start":{"line":135,"column":26},"end":{"line":135,"column":29},"skip":true},{"start":{"line":136,"column":26},"end":{"line":136,"column":54},"skip":true}]},"17":{"line":164,"type":"binary-expr","locations":[{"start":{"line":164,"column":27},"end":{"line":164,"column":43},"skip":true},{"start":{"line":164,"column":47},"end":{"line":164,"column":49},"skip":true}]},"18":{"line":258,"type":"if","locations":[{"start":{"line":258,"column":8},"end":{"line":258,"column":8},"skip":true},{"start":{"line":258,"column":8},"end":{"line":258,"column":8},"skip":true}]},"19":{"line":275,"type":"switch","locations":[{"start":{"line":276,"column":20},"end":{"line":277,"column":64},"skip":true},{"start":{"line":278,"column":20},"end":{"line":279,"column":40},"skip":true},{"start":{"line":280,"column":20},"end":{"line":281,"column":40},"skip":true},{"start":{"line":282,"column":20},"end":{"line":283,"column":39},"skip":true}]},"20":{"line":288,"type":"if","locations":[{"start":{"line":288,"column":8},"end":{"line":288,"column":8},"skip":true},{"start":{"line":288,"column":8},"end":{"line":288,"column":8},"skip":true}]},"21":{"line":288,"type":"binary-expr","locations":[{"start":{"line":288,"column":12},"end":{"line":288,"column":40},"skip":true},{"start":{"line":288,"column":44},"end":{"line":288,"column":67},"skip":true}]},"22":{"line":292,"type":"binary-expr","locations":[{"start":{"line":292,"column":12},"end":{"line":292,"column":50},"skip":true},{"start":{"line":293,"column":12},"end":{"line":293,"column":53},"skip":true}]},"23":{"line":297,"type":"binary-expr","locations":[{"start":{"line":297,"column":12},"end":{"line":297,"column":79},"skip":true},{"start":{"line":298,"column":12},"end":{"line":301,"column":36},"skip":true}]},"24":{"line":303,"type":"binary-expr","locations":[{"start":{"line":303,"column":43},"end":{"line":303,"column":75},"skip":true},{"start":{"line":303,"column":79},"end":{"line":303,"column":81},"skip":true}]},"25":{"line":306,"type":"if","locations":[{"start":{"line":306,"column":8},"end":{"line":306,"column":8},"skip":true},{"start":{"line":306,"column":8},"end":{"line":306,"column":8},"skip":true}]},"26":{"line":310,"type":"if","locations":[{"start":{"line":310,"column":8},"end":{"line":310,"column":8},"skip":true},{"start":{"line":310,"column":8},"end":{"line":310,"column":8},"skip":true}]},"27":{"line":313,"type":"binary-expr","locations":[{"start":{"line":313,"column":27},"end":{"line":313,"column":43},"skip":true},{"start":{"line":313,"column":47},"end":{"line":313,"column":53},"skip":true}]},"28":{"line":317,"type":"if","locations":[{"start":{"line":317,"column":12},"end":{"line":317,"column":12},"skip":true},{"start":{"line":317,"column":12},"end":{"line":317,"column":12},"skip":true}]}},"code":["/*","example.js","","quickstart example","","instruction","    1. save this script as example.js","    2. run the shell command:","        $ npm install npmtest-jasmine-spec-reporter && PORT=8081 node example.js","    3. play with the browser-demo on http://127.0.0.1:8081","*/","","","","/* istanbul instrument in package npmtest_jasmine_spec_reporter */","/*jslint","    bitwise: true,","    browser: true,","    maxerr: 8,","    maxlen: 96,","    node: true,","    nomen: true,","    regexp: true,","    stupid: true","*/","(function () {","    'use strict';","    var local;","","","","    // run shared js-env code - pre-init","    (function () {","        // init local","        local = {};","        // init modeJs","        local.modeJs = (function () {","            try {","                return typeof navigator.userAgent === 'string' &&","                    typeof document.querySelector('body') === 'object' &&","                    typeof XMLHttpRequest.prototype.open === 'function' &&","                    'browser';","            } catch (errorCaughtBrowser) {","                return module.exports &&","                    typeof process.versions.node === 'string' &&","                    typeof require('http').createServer === 'function' &&","                    'node';","            }","        }());","        // init global","        local.global = local.modeJs === 'browser'","            ? window","            : global;","        // init utility2_rollup","        local = local.global.utility2_rollup || (local.modeJs === 'browser'","            ? local.global.utility2_npmtest_jasmine_spec_reporter","            : global.utility2_moduleExports);","        // export local","        local.global.local = local;","    }());","    switch (local.modeJs) {","","","","    // post-init","    // run browser js-env code - post-init","    /* istanbul ignore next */","    case 'browser':","        local.testRunBrowser = function (event) {","            if (!event || (event &&","                    event.currentTarget &&","                    event.currentTarget.className &&","                    event.currentTarget.className.includes &&","                    event.currentTarget.className.includes('onreset'))) {","                // reset output","                Array.from(","                    document.querySelectorAll('body > .resettable')","                ).forEach(function (element) {","                    switch (element.tagName) {","                    case 'INPUT':","                    case 'TEXTAREA':","                        element.value = '';","                        break;","                    default:","                        element.textContent = '';","                    }","                });","            }","            switch (event && event.currentTarget && event.currentTarget.id) {","            case 'testRunButton1':","                // show tests","                if (document.querySelector('#testReportDiv1').style.display === 'none') {","                    document.querySelector('#testReportDiv1').style.display = 'block';","                    document.querySelector('#testRunButton1').textContent =","                        'hide internal test';","                    local.modeTest = true;","                    local.testRunDefault(local);","                // hide tests","                } else {","                    document.querySelector('#testReportDiv1').style.display = 'none';","                    document.querySelector('#testRunButton1').textContent = 'run internal test';","                }","                break;","            // custom-case","            default:","                break;","            }","            if (document.querySelector('#inputTextareaEval1') && (!event || (event &&","                    event.currentTarget &&","                    event.currentTarget.className &&","                    event.currentTarget.className.includes &&","                    event.currentTarget.className.includes('oneval')))) {","                // try to eval input-code","                try {","                    /*jslint evil: true*/","                    eval(document.querySelector('#inputTextareaEval1').value);","                } catch (errorCaught) {","                    console.error(errorCaught);","                }","            }","        };","        // log stderr and stdout to #outputTextareaStdout1","        ['error', 'log'].forEach(function (key) {","            console[key + '_original'] = console[key];","            console[key] = function () {","                var element;","                console[key + '_original'].apply(console, arguments);","                element = document.querySelector('#outputTextareaStdout1');","                if (!element) {","                    return;","                }","                // append text to #outputTextareaStdout1","                element.value += Array.from(arguments).map(function (arg) {","                    return typeof arg === 'string'","                        ? arg","                        : JSON.stringify(arg, null, 4);","                }).join(' ') + '\\n';","                // scroll textarea to bottom","                element.scrollTop = element.scrollHeight;","            };","        });","        // init event-handling","        ['change', 'click', 'keyup'].forEach(function (event) {","            Array.from(document.querySelectorAll('.on' + event)).forEach(function (element) {","                element.addEventListener(event, local.testRunBrowser);","            });","        });","        // run tests","        local.testRunBrowser();","        break;","","","","    // run node js-env code - post-init","    /* istanbul ignore next */","    case 'node':","        // export local","        module.exports = local;","        // require modules","        local.fs = require('fs');","        local.http = require('http');","        local.url = require('url');","        // init assets","        local.assetsDict = local.assetsDict || {};","        /* jslint-ignore-begin */","        local.assetsDict['/assets.index.template.html'] = '\\","<!doctype html>\\n\\","<html lang=\"en\">\\n\\","<head>\\n\\","<meta charset=\"UTF-8\">\\n\\","<meta name=\"viewport\" content=\"width=device-width, initial-scale=1\">\\n\\","<title>{{env.npm_package_name}} (v{{env.npm_package_version}})</title>\\n\\","<style>\\n\\","/*csslint\\n\\","    box-sizing: false,\\n\\","    universal-selector: false\\n\\","*/\\n\\","* {\\n\\","    box-sizing: border-box;\\n\\","}\\n\\","body {\\n\\","    background: #dde;\\n\\","    font-family: Arial, Helvetica, sans-serif;\\n\\","    margin: 2rem;\\n\\","}\\n\\","body > * {\\n\\","    margin-bottom: 1rem;\\n\\","}\\n\\",".utility2FooterDiv {\\n\\","    margin-top: 20px;\\n\\","    text-align: center;\\n\\","}\\n\\","</style>\\n\\","<style>\\n\\","/*csslint\\n\\","*/\\n\\","textarea {\\n\\","    font-family: monospace;\\n\\","    height: 10rem;\\n\\","    width: 100%;\\n\\","}\\n\\","textarea[readonly] {\\n\\","    background: #ddd;\\n\\","}\\n\\","</style>\\n\\","</head>\\n\\","<body>\\n\\","<!-- utility2-comment\\n\\","<div id=\"ajaxProgressDiv1\" style=\"background: #d00; height: 2px; left: 0; margin: 0; padding: 0; position: fixed; top: 0; transition: background 0.5s, width 1.5s; width: 25%;\"></div>\\n\\","utility2-comment -->\\n\\","<h1>\\n\\","<!-- utility2-comment\\n\\","    <a\\n\\","        {{#if env.npm_package_homepage}}\\n\\","        href=\"{{env.npm_package_homepage}}\"\\n\\","        {{/if env.npm_package_homepage}}\\n\\","        target=\"_blank\"\\n\\","    >\\n\\","utility2-comment -->\\n\\","        {{env.npm_package_name}} (v{{env.npm_package_version}})\\n\\","<!-- utility2-comment\\n\\","    </a>\\n\\","utility2-comment -->\\n\\","</h1>\\n\\","<h3>{{env.npm_package_description}}</h3>\\n\\","<!-- utility2-comment\\n\\","<h4><a download href=\"assets.app.js\">download standalone app</a></h4>\\n\\","<button class=\"onclick onreset\" id=\"testRunButton1\">run internal test</button><br>\\n\\","<div id=\"testReportDiv1\" style=\"display: none;\"></div>\\n\\","utility2-comment -->\\n\\","\\n\\","\\n\\","\\n\\","<label>stderr and stdout</label>\\n\\","<textarea class=\"resettable\" id=\"outputTextareaStdout1\" readonly></textarea>\\n\\","<!-- utility2-comment\\n\\","{{#if isRollup}}\\n\\","<script src=\"assets.app.js\"></script>\\n\\","{{#unless isRollup}}\\n\\","utility2-comment -->\\n\\","<script src=\"assets.utility2.rollup.js\"></script>\\n\\","<script src=\"jsonp.utility2._stateInit?callback=window.utility2._stateInit\"></script>\\n\\","<script src=\"assets.npmtest_jasmine_spec_reporter.rollup.js\"></script>\\n\\","<script src=\"assets.example.js\"></script>\\n\\","<script src=\"assets.test.js\"></script>\\n\\","<!-- utility2-comment\\n\\","{{/if isRollup}}\\n\\","utility2-comment -->\\n\\","<div class=\"utility2FooterDiv\">\\n\\","    [ this app was created with\\n\\","    <a href=\"https://github.com/kaizhu256/node-utility2\" target=\"_blank\">utility2</a>\\n\\","    ]\\n\\","</div>\\n\\","</body>\\n\\","</html>\\n\\","';","        /* jslint-ignore-end */","        if (local.templateRender) {","            local.assetsDict['/'] = local.templateRender(","                local.assetsDict['/assets.index.template.html'],","                {","                    env: local.objectSetDefault(local.env, {","                        npm_package_description: 'the greatest app in the world!',","                        npm_package_name: 'my-app',","                        npm_package_nameAlias: 'my_app',","                        npm_package_version: '0.0.1'","                    })","                }","            );","        } else {","            local.assetsDict['/'] = local.assetsDict['/assets.index.template.html']","                .replace((/\\{\\{env\\.(\\w+?)\\}\\}/g), function (match0, match1) {","                    // jslint-hack","                    String(match0);","                    switch (match1) {","                    case 'npm_package_description':","                        return 'the greatest app in the world!';","                    case 'npm_package_name':","                        return 'my-app';","                    case 'npm_package_nameAlias':","                        return 'my_app';","                    case 'npm_package_version':","                        return '0.0.1';","                    }","                });","        }","        // run the cli","        if (local.global.utility2_rollup || module !== require.main) {","            break;","        }","        local.assetsDict['/assets.example.js'] =","            local.assetsDict['/assets.example.js'] ||","            local.fs.readFileSync(__filename, 'utf8');","        // bug-workaround - long $npm_package_buildCustomOrg","        /* jslint-ignore-begin */","        local.assetsDict['/assets.npmtest_jasmine_spec_reporter.rollup.js'] =","            local.assetsDict['/assets.npmtest_jasmine_spec_reporter.rollup.js'] ||","            local.fs.readFileSync(","                local.npmtest_jasmine_spec_reporter.__dirname + '/lib.npmtest_jasmine_spec_reporter.js',","                'utf8'","            ).replace((/^#!/), '//');","        /* jslint-ignore-end */","        local.assetsDict['/favicon.ico'] = local.assetsDict['/favicon.ico'] || '';","        // if $npm_config_timeout_exit exists,","        // then exit this process after $npm_config_timeout_exit ms","        if (Number(process.env.npm_config_timeout_exit)) {","            setTimeout(process.exit, Number(process.env.npm_config_timeout_exit));","        }","        // start server","        if (local.global.utility2_serverHttp1) {","            break;","        }","        process.env.PORT = process.env.PORT || '8081';","        console.error('server starting on port ' + process.env.PORT);","        local.http.createServer(function (request, response) {","            request.urlParsed = local.url.parse(request.url);","            if (local.assetsDict[request.urlParsed.pathname] !== undefined) {","                response.end(local.assetsDict[request.urlParsed.pathname]);","                return;","            }","            response.statusCode = 404;","            response.end();","        }).listen(process.env.PORT);","        break;","    }","}());",""],"l":{"26":2,"28":2,"33":2,"35":2,"37":2,"38":2,"39":2,"44":1,"51":2,"55":2,"59":2,"61":2,"69":1,"70":2,"76":2,"79":2,"82":2,"83":2,"85":1,"89":2,"92":1,"93":1,"94":1,"96":1,"97":1,"100":1,"101":1,"103":1,"106":1,"108":2,"114":1,"116":1,"118":1,"123":1,"124":2,"125":2,"126":3,"127":3,"128":3,"129":3,"130":1,"133":3,"134":3,"139":3,"143":1,"144":3,"145":1,"149":1,"150":1,"158":1,"160":1,"161":1,"162":1,"164":1,"166":1,"258":1,"259":1,"271":1,"274":6,"275":6,"277":1,"279":2,"281":1,"283":2,"288":1,"289":1,"291":1,"296":1,"303":1,"306":1,"307":1,"310":1,"311":1,"313":1,"314":1,"315":1,"316":1,"317":1,"318":1,"319":1,"321":1,"322":1,"324":1}},"/home/travis/build/npmtest/node-npmtest-jasmine-spec-reporter/node_modules/jasmine-spec-reporter/built/main.js":{"path":"/home/travis/build/npmtest/node-npmtest-jasmine-spec-reporter/node_modules/jasmine-spec-reporter/built/main.js","s":{"1":1,"2":1,"3":1,"4":1,"5":1},"b":{},"f":{},"fnMap":{},"statementMap":{"1":{"start":{"line":2,"column":0},"end":{"line":2,"column":62}},"2":{"start":{"line":3,"column":0},"end":{"line":3,"column":49}},"3":{"start":{"line":4,"column":0},"end":{"line":4,"column":52}},"4":{"start":{"line":5,"column":0},"end":{"line":5,"column":57}},"5":{"start":{"line":6,"column":0},"end":{"line":6,"column":64}}},"branchMap":{},"code":["\"use strict\";","Object.defineProperty(exports, \"__esModule\", { value: true });","var spec_reporter_1 = require(\"./spec-reporter\");","exports.SpecReporter = spec_reporter_1.SpecReporter;","var display_processor_1 = require(\"./display-processor\");","exports.DisplayProcessor = display_processor_1.DisplayProcessor;","//# sourceMappingURL=main.js.map"],"l":{"2":1,"3":1,"4":1,"5":1,"6":1}},"/home/travis/build/npmtest/node-npmtest-jasmine-spec-reporter/node_modules/jasmine-spec-reporter/built/spec-reporter.js":{"path":"/home/travis/build/npmtest/node-npmtest-jasmine-spec-reporter/node_modules/jasmine-spec-reporter/built/spec-reporter.js","s":{"1":1,"2":1,"3":1,"4":1,"5":1,"6":1,"7":1,"8":1,"9":1,"10":1,"11":1,"12":1,"13":1,"14":0,"15":0,"16":0,"17":0,"18":0,"19":0,"20":0,"21":0,"22":1,"23":0,"24":0,"25":0,"26":0,"27":0,"28":0,"29":0,"30":0,"31":0,"32":1,"33":0,"34":0,"35":1,"36":0,"37":0,"38":1,"39":0,"40":1,"41":0,"42":1,"43":0,"44":0,"45":1,"46":0,"47":0,"48":0,"49":0,"50":0,"51":0,"52":0,"53":0,"54":0,"55":0,"56":1,"57":1},"b":{"1":[0,0],"2":[0,0],"3":[0,0],"4":[0,0],"5":[0,0],"6":[0,0]},"f":{"1":1,"2":0,"3":0,"4":0,"5":0,"6":0,"7":0,"8":0,"9":0,"10":0},"fnMap":{"1":{"name":"(anonymous_1)","line":13,"loc":{"start":{"line":13,"column":20},"end":{"line":13,"column":32}}},"2":{"name":"SpecReporter","line":14,"loc":{"start":{"line":14,"column":4},"end":{"line":14,"column":41}}},"3":{"name":"(anonymous_3)","line":28,"loc":{"start":{"line":28,"column":34},"end":{"line":28,"column":59}}},"4":{"name":"(anonymous_4)","line":41,"loc":{"start":{"line":41,"column":51},"end":{"line":41,"column":72}}},"5":{"name":"(anonymous_5)","line":47,"loc":{"start":{"line":47,"column":44},"end":{"line":47,"column":65}}},"6":{"name":"(anonymous_6)","line":51,"loc":{"start":{"line":51,"column":41},"end":{"line":51,"column":63}}},"7":{"name":"(anonymous_7)","line":55,"loc":{"start":{"line":55,"column":42},"end":{"line":55,"column":60}}},"8":{"name":"(anonymous_8)","line":58,"loc":{"start":{"line":58,"column":39},"end":{"line":58,"column":57}}},"9":{"name":"(anonymous_9)","line":61,"loc":{"start":{"line":61,"column":41},"end":{"line":61,"column":59}}},"10":{"name":"(anonymous_10)","line":65,"loc":{"start":{"line":65,"column":38},"end":{"line":65,"column":56}}}},"statementMap":{"1":{"start":{"line":2,"column":0},"end":{"line":2,"column":62}},"2":{"start":{"line":3,"column":0},"end":{"line":3,"column":63}},"3":{"start":{"line":4,"column":0},"end":{"line":4,"column":65}},"4":{"start":{"line":5,"column":0},"end":{"line":5,"column":43}},"5":{"start":{"line":6,"column":0},"end":{"line":6,"column":61}},"6":{"start":{"line":7,"column":0},"end":{"line":7,"column":57}},"7":{"start":{"line":8,"column":0},"end":{"line":8,"column":68}},"8":{"start":{"line":9,"column":0},"end":{"line":9,"column":76}},"9":{"start":{"line":10,"column":0},"end":{"line":10,"column":82}},"10":{"start":{"line":11,"column":0},"end":{"line":11,"column":80}},"11":{"start":{"line":12,"column":0},"end":{"line":12,"column":84}},"12":{"start":{"line":13,"column":0},"end":{"line":81,"column":5}},"13":{"start":{"line":14,"column":4},"end":{"line":27,"column":5}},"14":{"start":{"line":15,"column":8},"end":{"line":19,"column":10}},"15":{"start":{"line":20,"column":8},"end":{"line":20,"column":93}},"16":{"start":{"line":21,"column":8},"end":{"line":21,"column":80}},"17":{"start":{"line":22,"column":8},"end":{"line":22,"column":45}},"18":{"start":{"line":23,"column":8},"end":{"line":23,"column":68}},"19":{"start":{"line":24,"column":8},"end":{"line":24,"column":128}},"20":{"start":{"line":25,"column":8},"end":{"line":25,"column":105}},"21":{"start":{"line":26,"column":8},"end":{"line":26,"column":66}},"22":{"start":{"line":28,"column":4},"end":{"line":46,"column":6}},"23":{"start":{"line":29,"column":8},"end":{"line":33,"column":10}},"24":{"start":{"line":34,"column":8},"end":{"line":36,"column":9}},"25":{"start":{"line":35,"column":12},"end":{"line":35,"column":105}},"26":{"start":{"line":37,"column":8},"end":{"line":39,"column":9}},"27":{"start":{"line":38,"column":12},"end":{"line":38,"column":107}},"28":{"start":{"line":40,"column":8},"end":{"line":44,"column":9}},"29":{"start":{"line":41,"column":12},"end":{"line":43,"column":15}},"30":{"start":{"line":42,"column":16},"end":{"line":42,"column":69}},"31":{"start":{"line":45,"column":8},"end":{"line":45,"column":33}},"32":{"start":{"line":47,"column":4},"end":{"line":50,"column":6}},"33":{"start":{"line":48,"column":8},"end":{"line":48,"column":38}},"34":{"start":{"line":49,"column":8},"end":{"line":49,"column":47}},"35":{"start":{"line":51,"column":4},"end":{"line":54,"column":6}},"36":{"start":{"line":52,"column":8},"end":{"line":52,"column":38}},"37":{"start":{"line":53,"column":8},"end":{"line":53,"column":43}},"38":{"start":{"line":55,"column":4},"end":{"line":57,"column":6}},"39":{"start":{"line":56,"column":8},"end":{"line":56,"column":42}},"40":{"start":{"line":58,"column":4},"end":{"line":60,"column":6}},"41":{"start":{"line":59,"column":8},"end":{"line":59,"column":33}},"42":{"start":{"line":61,"column":4},"end":{"line":64,"column":6}},"43":{"start":{"line":62,"column":8},"end":{"line":62,"column":33}},"44":{"start":{"line":63,"column":8},"end":{"line":63,"column":41}},"45":{"start":{"line":65,"column":4},"end":{"line":79,"column":6}},"46":{"start":{"line":66,"column":8},"end":{"line":66,"column":38}},"47":{"start":{"line":67,"column":8},"end":{"line":78,"column":9}},"48":{"start":{"line":68,"column":12},"end":{"line":68,"column":40}},"49":{"start":{"line":69,"column":12},"end":{"line":69,"column":41}},"50":{"start":{"line":71,"column":13},"end":{"line":78,"column":9}},"51":{"start":{"line":72,"column":12},"end":{"line":72,"column":43}},"52":{"start":{"line":73,"column":12},"end":{"line":73,"column":44}},"53":{"start":{"line":75,"column":13},"end":{"line":78,"column":9}},"54":{"start":{"line":76,"column":12},"end":{"line":76,"column":39}},"55":{"start":{"line":77,"column":12},"end":{"line":77,"column":40}},"56":{"start":{"line":80,"column":4},"end":{"line":80,"column":24}},"57":{"start":{"line":82,"column":0},"end":{"line":82,"column":36}}},"branchMap":{"1":{"line":34,"type":"if","locations":[{"start":{"line":34,"column":8},"end":{"line":34,"column":8}},{"start":{"line":34,"column":8},"end":{"line":34,"column":8}}]},"2":{"line":37,"type":"if","locations":[{"start":{"line":37,"column":8},"end":{"line":37,"column":8}},{"start":{"line":37,"column":8},"end":{"line":37,"column":8}}]},"3":{"line":40,"type":"if","locations":[{"start":{"line":40,"column":8},"end":{"line":40,"column":8}},{"start":{"line":40,"column":8},"end":{"line":40,"column":8}}]},"4":{"line":67,"type":"if","locations":[{"start":{"line":67,"column":8},"end":{"line":67,"column":8}},{"start":{"line":67,"column":8},"end":{"line":67,"column":8}}]},"5":{"line":71,"type":"if","locations":[{"start":{"line":71,"column":13},"end":{"line":71,"column":13}},{"start":{"line":71,"column":13},"end":{"line":71,"column":13}}]},"6":{"line":75,"type":"if","locations":[{"start":{"line":75,"column":13},"end":{"line":75,"column":13}},{"start":{"line":75,"column":13},"end":{"line":75,"column":13}}]}},"code":["\"use strict\";","Object.defineProperty(exports, \"__esModule\", { value: true });","var configuration_parser_1 = require(\"./configuration-parser\");","var execution_display_1 = require(\"./display/execution-display\");","var logger_1 = require(\"./display/logger\");","var summary_display_1 = require(\"./display/summary-display\");","var execution_metrics_1 = require(\"./execution-metrics\");","var default_processor_1 = require(\"./processors/default-processor\");","var spec_colors_processor_1 = require(\"./processors/spec-colors-processor\");","var spec_durations_processor_1 = require(\"./processors/spec-durations-processor\");","var spec_prefixes_processor_1 = require(\"./processors/spec-prefixes-processor\");","var suite_numbering_processor_1 = require(\"./processors/suite-numbering-processor\");","var SpecReporter = (function () {","    function SpecReporter(configuration) {","        this.specs = {","            failed: [],","            pending: [],","            successful: []","        };","        this.configuration = configuration_parser_1.ConfigurationParser.parse(configuration);","        var displayProcessors = SpecReporter.initProcessors(this.configuration);","        var print = this.configuration.print;","        this.logger = new logger_1.Logger(displayProcessors, print);","        this.display = new execution_display_1.ExecutionDisplay(this.configuration, this.logger, this.specs, displayProcessors);","        this.summary = new summary_display_1.SummaryDisplay(this.logger, this.configuration, this.specs);","        this.metrics = new execution_metrics_1.ExecutionMetrics();","    }","    SpecReporter.initProcessors = function (configuration) {","        var displayProcessors = [","            new default_processor_1.DefaultProcessor(configuration),","            new spec_prefixes_processor_1.SpecPrefixesProcessor(configuration),","            new spec_colors_processor_1.SpecColorsProcessor(configuration),","        ];","        if (configuration.spec.displayDuration) {","            displayProcessors.push(new spec_durations_processor_1.SpecDurationsProcessor(configuration));","        }","        if (configuration.suite.displayNumber) {","            displayProcessors.push(new suite_numbering_processor_1.SuiteNumberingProcessor(configuration));","        }","        if (configuration.customProcessors) {","            configuration.customProcessors.forEach(function (Processor) {","                displayProcessors.push(new Processor(configuration));","            });","        }","        return displayProcessors;","    };","    SpecReporter.prototype.jasmineStarted = function (suiteInfo) {","        this.metrics.start(suiteInfo);","        this.display.jasmineStarted(suiteInfo);","    };","    SpecReporter.prototype.jasmineDone = function (runDetails) {","        this.metrics.stop(runDetails);","        this.summary.display(this.metrics);","    };","    SpecReporter.prototype.suiteStarted = function (result) {","        this.display.suiteStarted(result);","    };","    SpecReporter.prototype.suiteDone = function (result) {","        this.display.suiteDone();","    };","    SpecReporter.prototype.specStarted = function (result) {","        this.metrics.startSpec();","        this.display.specStarted(result);","    };","    SpecReporter.prototype.specDone = function (result) {","        this.metrics.stopSpec(result);","        if (result.status === \"pending\") {","            this.metrics.pendingSpecs++;","            this.display.pending(result);","        }","        else if (result.status === \"passed\") {","            this.metrics.successfulSpecs++;","            this.display.successful(result);","        }","        else if (result.status === \"failed\") {","            this.metrics.failedSpecs++;","            this.display.failed(result);","        }","    };","    return SpecReporter;","}());","exports.SpecReporter = SpecReporter;","//# sourceMappingURL=spec-reporter.js.map"],"l":{"2":1,"3":1,"4":1,"5":1,"6":1,"7":1,"8":1,"9":1,"10":1,"11":1,"12":1,"13":1,"14":1,"15":0,"20":0,"21":0,"22":0,"23":0,"24":0,"25":0,"26":0,"28":1,"29":0,"34":0,"35":0,"37":0,"38":0,"40":0,"41":0,"42":0,"45":0,"47":1,"48":0,"49":0,"51":1,"52":0,"53":0,"55":1,"56":0,"58":1,"59":0,"61":1,"62":0,"63":0,"65":1,"66":0,"67":0,"68":0,"69":0,"71":0,"72":0,"73":0,"75":0,"76":0,"77":0,"80":1,"82":1}},"/home/travis/build/npmtest/node-npmtest-jasmine-spec-reporter/node_modules/jasmine-spec-reporter/built/configuration-parser.js":{"path":"/home/travis/build/npmtest/node-npmtest-jasmine-spec-reporter/node_modules/jasmine-spec-reporter/built/configuration-parser.js","s":{"1":1,"2":1,"3":1,"4":1,"5":0,"6":1,"7":0,"8":0,"9":0,"10":0,"11":0,"12":0,"13":0,"14":0,"15":0,"16":0,"17":1,"18":1,"19":1,"20":0,"21":0,"22":0,"23":0,"24":0,"25":0,"26":0,"27":1},"b":{"1":[0,0],"2":[0,0,0,0,0,0,0],"3":[0,0],"4":[0,0],"5":[0,0],"6":[0,0],"7":[1,1],"8":[0,1],"9":[0,1],"10":[0,0]},"f":{"1":1,"2":0,"3":0,"4":0,"5":0,"6":0},"fnMap":{"1":{"name":"(anonymous_1)","line":3,"loc":{"start":{"line":3,"column":27},"end":{"line":3,"column":39}}},"2":{"name":"ConfigurationParser","line":4,"loc":{"start":{"line":4,"column":4},"end":{"line":4,"column":35}}},"3":{"name":"(anonymous_3)","line":6,"loc":{"start":{"line":6,"column":32},"end":{"line":6,"column":48}}},"4":{"name":"(anonymous_4)","line":9,"loc":{"start":{"line":9,"column":32},"end":{"line":9,"column":62}}},"5":{"name":"(anonymous_5)","line":50,"loc":{"start":{"line":50,"column":11},"end":{"line":50,"column":28}}},"6":{"name":"(anonymous_6)","line":60,"loc":{"start":{"line":60,"column":16},"end":{"line":60,"column":38}}}},"statementMap":{"1":{"start":{"line":2,"column":0},"end":{"line":2,"column":62}},"2":{"start":{"line":3,"column":0},"end":{"line":35,"column":5}},"3":{"start":{"line":4,"column":4},"end":{"line":5,"column":5}},"4":{"start":{"line":6,"column":4},"end":{"line":8,"column":6}},"5":{"start":{"line":7,"column":8},"end":{"line":7,"column":89}},"6":{"start":{"line":9,"column":4},"end":{"line":33,"column":6}},"7":{"start":{"line":10,"column":8},"end":{"line":10,"column":24}},"8":{"start":{"line":11,"column":8},"end":{"line":28,"column":9}},"9":{"start":{"line":12,"column":12},"end":{"line":27,"column":13}},"10":{"start":{"line":19,"column":16},"end":{"line":19,"column":86}},"11":{"start":{"line":21,"column":17},"end":{"line":27,"column":13}},"12":{"start":{"line":23,"column":16},"end":{"line":23,"column":44}},"13":{"start":{"line":26,"column":16},"end":{"line":26,"column":44}},"14":{"start":{"line":29,"column":8},"end":{"line":31,"column":9}},"15":{"start":{"line":30,"column":12},"end":{"line":30,"column":58}},"16":{"start":{"line":32,"column":8},"end":{"line":32,"column":22}},"17":{"start":{"line":34,"column":4},"end":{"line":34,"column":31}},"18":{"start":{"line":36,"column":0},"end":{"line":36,"column":72}},"19":{"start":{"line":37,"column":0},"end":{"line":82,"column":2}},"20":{"start":{"line":50,"column":30},"end":{"line":50,"column":56}},"21":{"start":{"line":61,"column":12},"end":{"line":61,"column":47}},"22":{"start":{"line":62,"column":12},"end":{"line":62,"column":30}},"23":{"start":{"line":63,"column":12},"end":{"line":67,"column":13}},"24":{"start":{"line":64,"column":16},"end":{"line":66,"column":17}},"25":{"start":{"line":65,"column":20},"end":{"line":65,"column":44}},"26":{"start":{"line":68,"column":12},"end":{"line":68,"column":39}},"27":{"start":{"line":83,"column":0},"end":{"line":83,"column":50}}},"branchMap":{"1":{"line":12,"type":"if","locations":[{"start":{"line":12,"column":12},"end":{"line":12,"column":12}},{"start":{"line":12,"column":12},"end":{"line":12,"column":12}}]},"2":{"line":12,"type":"binary-expr","locations":[{"start":{"line":12,"column":16},"end":{"line":12,"column":47}},{"start":{"line":13,"column":19},"end":{"line":13,"column":52}},{"start":{"line":14,"column":19},"end":{"line":14,"column":55}},{"start":{"line":15,"column":19},"end":{"line":15,"column":45}},{"start":{"line":16,"column":19},"end":{"line":16,"column":50}},{"start":{"line":17,"column":19},"end":{"line":17,"column":52}},{"start":{"line":18,"column":19},"end":{"line":18,"column":55}}]},"3":{"line":21,"type":"if","locations":[{"start":{"line":21,"column":17},"end":{"line":21,"column":17}},{"start":{"line":21,"column":17},"end":{"line":21,"column":17}}]},"4":{"line":21,"type":"binary-expr","locations":[{"start":{"line":21,"column":21},"end":{"line":21,"column":47}},{"start":{"line":22,"column":19},"end":{"line":22,"column":60}}]},"5":{"line":29,"type":"if","locations":[{"start":{"line":29,"column":8},"end":{"line":29,"column":8}},{"start":{"line":29,"column":8},"end":{"line":29,"column":8}}]},"6":{"line":29,"type":"binary-expr","locations":[{"start":{"line":29,"column":12},"end":{"line":29,"column":38}},{"start":{"line":29,"column":42},"end":{"line":29,"column":64}}]},"7":{"line":36,"type":"binary-expr","locations":[{"start":{"line":36,"column":32},"end":{"line":36,"column":39}},{"start":{"line":36,"column":43},"end":{"line":36,"column":71}}]},"8":{"line":46,"type":"cond-expr","locations":[{"start":{"line":46,"column":48},"end":{"line":46,"column":57}},{"start":{"line":46,"column":60},"end":{"line":46,"column":64}}]},"9":{"line":48,"type":"cond-expr","locations":[{"start":{"line":48,"column":52},"end":{"line":48,"column":61}},{"start":{"line":48,"column":64},"end":{"line":48,"column":68}}]},"10":{"line":64,"type":"if","locations":[{"start":{"line":64,"column":16},"end":{"line":64,"column":16}},{"start":{"line":64,"column":16},"end":{"line":64,"column":16}}]}},"code":["\"use strict\";","Object.defineProperty(exports, \"__esModule\", { value: true });","var ConfigurationParser = (function () {","    function ConfigurationParser() {","    }","    ConfigurationParser.parse = function (conf) {","        return ConfigurationParser.merge(ConfigurationParser.defaultConfiguration, conf);","    };","    ConfigurationParser.merge = function (template, override) {","        var result = {};","        for (var key in template) {","            if (template[key] instanceof Object","                && !(template[key] instanceof Array)","                && !(template[key] instanceof Function)","                && override instanceof Object","                && override[key] instanceof Object","                && !(override[key] instanceof Array)","                && !(override[key] instanceof Function)) {","                result[key] = ConfigurationParser.merge(template[key], override[key]);","            }","            else if (override instanceof Object","                && Object.keys(override).indexOf(key) !== -1) {","                result[key] = override[key];","            }","            else {","                result[key] = template[key];","            }","        }","        if (override instanceof Object && override.customOptions) {","            result.customOptions = override.customOptions;","        }","        return result;","    };","    return ConfigurationParser;","}());","ConfigurationParser.isWindows = process && process.platform === \"win32\";","ConfigurationParser.defaultConfiguration = {","    colors: {","        enabled: true,","        failed: \"red\",","        pending: \"yellow\",","        successful: \"green\",","    },","    customProcessors: [],","    prefixes: {","        failed: ConfigurationParser.isWindows ? \"\\u00D7 \" : \"✗ \",","        pending: \"* \",","        successful: ConfigurationParser.isWindows ? \"\\u221A \" : \"✓ \",","    },","    print: function (stuff) { return console.log(stuff); },","    spec: {","        displayDuration: false,","        displayErrorMessages: true,","        displayFailed: true,","        displayPending: false,","        displayStacktrace: false,","        displaySuccessful: true,","    },","    stacktrace: {","        filter: function (stacktrace) {","            var lines = stacktrace.split(\"\\n\");","            var filtered = [];","            for (var i = 1; i < lines.length; i++) {","                if (!/(jasmine[^\\/]*\\.js|Timer\\.listOnTimeout)/.test(lines[i])) {","                    filtered.push(lines[i]);","                }","            }","            return filtered.join(\"\\n\");","        }","    },","    suite: {","        displayNumber: false,","    },","    summary: {","        displayDuration: true,","        displayErrorMessages: true,","        displayFailed: true,","        displayPending: true,","        displayStacktrace: false,","        displaySuccessful: false,","    },","};","exports.ConfigurationParser = ConfigurationParser;","//# sourceMappingURL=configuration-parser.js.map"],"l":{"2":1,"3":1,"4":1,"6":1,"7":0,"9":1,"10":0,"11":0,"12":0,"19":0,"21":0,"23":0,"26":0,"29":0,"30":0,"32":0,"34":1,"36":1,"37":1,"50":0,"61":0,"62":0,"63":0,"64":0,"65":0,"68":0,"83":1}},"/home/travis/build/npmtest/node-npmtest-jasmine-spec-reporter/node_modules/jasmine-spec-reporter/built/display/execution-display.js":{"path":"/home/travis/build/npmtest/node-npmtest-jasmine-spec-reporter/node_modules/jasmine-spec-reporter/built/display/execution-display.js","s":{"1":1,"2":1,"3":1,"4":1,"5":0,"6":0,"7":0,"8":0,"9":0,"10":0,"11":0,"12":1,"13":0,"14":0,"15":0,"16":0,"17":0,"18":0,"19":1,"20":0,"21":0,"22":1,"23":0,"24":0,"25":0,"26":0,"27":1,"28":0,"29":0,"30":0,"31":0,"32":0,"33":1,"34":0,"35":0,"36":0,"37":0,"38":0,"39":0,"40":0,"41":0,"42":0,"43":0,"44":1,"45":0,"46":0,"47":0,"48":0,"49":0,"50":1,"51":0,"52":1,"53":0,"54":0,"55":0,"56":0,"57":0,"58":1,"59":0,"60":0,"61":0,"62":0,"63":0,"64":0,"65":0,"66":0,"67":0,"68":1,"69":0,"70":0,"71":0,"72":0,"73":0,"74":1,"75":0,"76":0,"77":0,"78":0,"79":1,"80":1},"b":{"1":[0,0],"2":[0,0],"3":[0,0],"4":[0,0],"5":[0,0],"6":[0,0],"7":[0,0],"8":[0,0]},"f":{"1":1,"2":0,"3":0,"4":0,"5":0,"6":0,"7":0,"8":0,"9":0,"10":0,"11":0,"12":0,"13":0,"14":0,"15":0,"16":0,"17":0,"18":0,"19":0,"20":0,"21":0,"22":0},"fnMap":{"1":{"name":"(anonymous_1)","line":4,"loc":{"start":{"line":4,"column":24},"end":{"line":4,"column":36}}},"2":{"name":"ExecutionDisplay","line":5,"loc":{"start":{"line":5,"column":4},"end":{"line":5,"column":79}}},"3":{"name":"(anonymous_3)","line":14,"loc":{"start":{"line":14,"column":51},"end":{"line":14,"column":73}}},"4":{"name":"(anonymous_4)","line":16,"loc":{"start":{"line":16,"column":27},"end":{"line":16,"column":48}}},"5":{"name":"(anonymous_5)","line":23,"loc":{"start":{"line":23,"column":48},"end":{"line":23,"column":69}}},"6":{"name":"(anonymous_6)","line":24,"loc":{"start":{"line":24,"column":39},"end":{"line":24,"column":80}}},"7":{"name":"(anonymous_7)","line":28,"loc":{"start":{"line":28,"column":45},"end":{"line":28,"column":63}}},"8":{"name":"(anonymous_8)","line":31,"loc":{"start":{"line":31,"column":40},"end":{"line":31,"column":81}}},"9":{"name":"(anonymous_9)","line":36,"loc":{"start":{"line":36,"column":44},"end":{"line":36,"column":62}}},"10":{"name":"(anonymous_10)","line":40,"loc":{"start":{"line":40,"column":40},"end":{"line":40,"column":81}}},"11":{"name":"(anonymous_11)","line":45,"loc":{"start":{"line":45,"column":40},"end":{"line":45,"column":58}}},"12":{"name":"(anonymous_12)","line":49,"loc":{"start":{"line":49,"column":40},"end":{"line":49,"column":81}}},"13":{"name":"(anonymous_13)","line":54,"loc":{"start":{"line":54,"column":44},"end":{"line":54,"column":85}}},"14":{"name":"(anonymous_14)","line":61,"loc":{"start":{"line":61,"column":41},"end":{"line":61,"column":59}}},"15":{"name":"(anonymous_15)","line":65,"loc":{"start":{"line":65,"column":40},"end":{"line":65,"column":81}}},"16":{"name":"(anonymous_16)","line":70,"loc":{"start":{"line":70,"column":46},"end":{"line":70,"column":64}}},"17":{"name":"(anonymous_17)","line":73,"loc":{"start":{"line":73,"column":43},"end":{"line":73,"column":55}}},"18":{"name":"(anonymous_18)","line":81,"loc":{"start":{"line":81,"column":54},"end":{"line":81,"column":66}}},"19":{"name":"(anonymous_19)","line":100,"loc":{"start":{"line":100,"column":46},"end":{"line":100,"column":63}}},"20":{"name":"(anonymous_20)","line":103,"loc":{"start":{"line":103,"column":35},"end":{"line":103,"column":76}}},"21":{"name":"(anonymous_21)","line":108,"loc":{"start":{"line":108,"column":52},"end":{"line":108,"column":64}}},"22":{"name":"(anonymous_22)","line":111,"loc":{"start":{"line":111,"column":45},"end":{"line":111,"column":57}}}},"statementMap":{"1":{"start":{"line":2,"column":0},"end":{"line":2,"column":62}},"2":{"start":{"line":3,"column":0},"end":{"line":3,"column":51}},"3":{"start":{"line":4,"column":0},"end":{"line":114,"column":5}},"4":{"start":{"line":5,"column":4},"end":{"line":13,"column":5}},"5":{"start":{"line":6,"column":8},"end":{"line":6,"column":43}},"6":{"start":{"line":7,"column":8},"end":{"line":7,"column":29}},"7":{"start":{"line":8,"column":8},"end":{"line":8,"column":27}},"8":{"start":{"line":9,"column":8},"end":{"line":9,"column":33}},"9":{"start":{"line":10,"column":8},"end":{"line":10,"column":42}},"10":{"start":{"line":11,"column":8},"end":{"line":11,"column":64}},"11":{"start":{"line":12,"column":8},"end":{"line":12,"column":107}},"12":{"start":{"line":14,"column":4},"end":{"line":22,"column":6}},"13":{"start":{"line":15,"column":8},"end":{"line":15,"column":32}},"14":{"start":{"line":16,"column":8},"end":{"line":20,"column":11}},"15":{"start":{"line":17,"column":12},"end":{"line":17,"column":28}},"16":{"start":{"line":18,"column":12},"end":{"line":18,"column":111}},"17":{"start":{"line":19,"column":12},"end":{"line":19,"column":56}},"18":{"start":{"line":21,"column":8},"end":{"line":21,"column":27}},"19":{"start":{"line":23,"column":4},"end":{"line":27,"column":6}},"20":{"start":{"line":24,"column":8},"end":{"line":26,"column":11}},"21":{"start":{"line":25,"column":12},"end":{"line":25,"column":71}},"22":{"start":{"line":28,"column":4},"end":{"line":35,"column":6}},"23":{"start":{"line":29,"column":8},"end":{"line":34,"column":9}},"24":{"start":{"line":30,"column":12},"end":{"line":30,"column":40}},"25":{"start":{"line":31,"column":12},"end":{"line":33,"column":15}},"26":{"start":{"line":32,"column":16},"end":{"line":32,"column":72}},"27":{"start":{"line":36,"column":4},"end":{"line":44,"column":6}},"28":{"start":{"line":37,"column":8},"end":{"line":37,"column":43}},"29":{"start":{"line":38,"column":8},"end":{"line":43,"column":9}},"30":{"start":{"line":39,"column":12},"end":{"line":39,"column":40}},"31":{"start":{"line":40,"column":12},"end":{"line":42,"column":15}},"32":{"start":{"line":41,"column":16},"end":{"line":41,"column":75}},"33":{"start":{"line":45,"column":4},"end":{"line":60,"column":6}},"34":{"start":{"line":46,"column":8},"end":{"line":46,"column":39}},"35":{"start":{"line":47,"column":8},"end":{"line":59,"column":9}},"36":{"start":{"line":48,"column":12},"end":{"line":48,"column":40}},"37":{"start":{"line":49,"column":12},"end":{"line":51,"column":15}},"38":{"start":{"line":50,"column":16},"end":{"line":50,"column":71}},"39":{"start":{"line":52,"column":12},"end":{"line":58,"column":13}},"40":{"start":{"line":53,"column":16},"end":{"line":53,"column":45}},"41":{"start":{"line":54,"column":16},"end":{"line":56,"column":19}},"42":{"start":{"line":55,"column":20},"end":{"line":55,"column":82}},"43":{"start":{"line":57,"column":16},"end":{"line":57,"column":45}},"44":{"start":{"line":61,"column":4},"end":{"line":69,"column":6}},"45":{"start":{"line":62,"column":8},"end":{"line":62,"column":40}},"46":{"start":{"line":63,"column":8},"end":{"line":68,"column":9}},"47":{"start":{"line":64,"column":12},"end":{"line":64,"column":40}},"48":{"start":{"line":65,"column":12},"end":{"line":67,"column":15}},"49":{"start":{"line":66,"column":16},"end":{"line":66,"column":72}},"50":{"start":{"line":70,"column":4},"end":{"line":72,"column":6}},"51":{"start":{"line":71,"column":8},"end":{"line":71,"column":41}},"52":{"start":{"line":73,"column":4},"end":{"line":80,"column":6}},"53":{"start":{"line":74,"column":8},"end":{"line":74,"column":46}},"54":{"start":{"line":75,"column":8},"end":{"line":77,"column":9}},"55":{"start":{"line":76,"column":12},"end":{"line":76,"column":47}},"56":{"start":{"line":78,"column":8},"end":{"line":78,"column":30}},"57":{"start":{"line":79,"column":8},"end":{"line":79,"column":37}},"58":{"start":{"line":81,"column":4},"end":{"line":99,"column":6}},"59":{"start":{"line":82,"column":8},"end":{"line":98,"column":9}},"60":{"start":{"line":83,"column":12},"end":{"line":86,"column":13}},"61":{"start":{"line":84,"column":16},"end":{"line":84,"column":74}},"62":{"start":{"line":85,"column":16},"end":{"line":85,"column":58}},"63":{"start":{"line":89,"column":12},"end":{"line":89,"column":43}},"64":{"start":{"line":90,"column":12},"end":{"line":94,"column":14}},"65":{"start":{"line":95,"column":12},"end":{"line":95,"column":52}},"66":{"start":{"line":96,"column":12},"end":{"line":96,"column":61}},"67":{"start":{"line":97,"column":12},"end":{"line":97,"column":45}},"68":{"start":{"line":100,"column":4},"end":{"line":107,"column":6}},"69":{"start":{"line":101,"column":8},"end":{"line":101,"column":30}},"70":{"start":{"line":102,"column":8},"end":{"line":102,"column":34}},"71":{"start":{"line":103,"column":8},"end":{"line":105,"column":11}},"72":{"start":{"line":104,"column":12},"end":{"line":104,"column":62}},"73":{"start":{"line":106,"column":8},"end":{"line":106,"column":37}},"74":{"start":{"line":108,"column":4},"end":{"line":112,"column":6}},"75":{"start":{"line":109,"column":8},"end":{"line":109,"column":25}},"76":{"start":{"line":110,"column":8},"end":{"line":110,"column":34}},"77":{"start":{"line":111,"column":8},"end":{"line":111,"column":100}},"78":{"start":{"line":111,"column":59},"end":{"line":111,"column":96}},"79":{"start":{"line":113,"column":4},"end":{"line":113,"column":28}},"80":{"start":{"line":115,"column":0},"end":{"line":115,"column":44}}},"branchMap":{"1":{"line":19,"type":"binary-expr","locations":[{"star
[...]
ine":29,"column":41}},"15":{"start":{"line":15,"column":4},"end":{"line":15,"column":46}},"16":{"start":{"line":16,"column":4},"end":{"line":18,"column":5}},"17":{"start":{"line":17,"column":8},"end":{"line":17,"column":72}},"18":{"start":{"line":19,"column":4},"end":{"line":21,"column":6}},"19":{"start":{"line":20,"column":8},"end":{"line":20,"column":48}},"20":{"start":{"line":22,"column":4},"end":{"line":24,"column":6}},"21":{"start":{"line":23,"column":8},"end":{"line":23,"column":65}},"22":{"start":{"line":25,"column":4},"end":{"line":27,"column":6}},"23":{"start":{"line":26,"column":8},"end":{"line":26,"column":65}},"24":{"start":{"line":28,"column":4},"end":{"line":28,"column":34}},"25":{"start":{"line":30,"column":0},"end":{"line":30,"column":56}}},"branchMap":{"1":{"line":2,"type":"binary-expr","locations":[{"start":{"line":2,"column":17},"end":{"line":2,"column":21}},{"start":{"line":2,"column":25},"end":{"line":2,"column":39}},{"start":{"line":2,"column":44},"end":{"line":11,"column":4}}]},"2":{"line":3,"type":"binary-expr","locations":[{"start":{"line":3,"column":24},"end":{"line":3,"column":45}},{"start":{"line":4,"column":9},"end":{"line":4,"column":43}},{"start":{"line":4,"column":47},"end":{"line":4,"column":83}},{"start":{"line":5,"column":8},"end":{"line":5,"column":82}}]},"3":{"line":5,"type":"if","locations":[{"start":{"line":5,"column":43},"end":{"line":5,"column":43}},{"start":{"line":5,"column":43},"end":{"line":5,"column":43}}]},"4":{"line":9,"type":"cond-expr","locations":[{"start":{"line":9,"column":35},"end":{"line":9,"column":51}},{"start":{"line":9,"column":55},"end":{"line":9,"column":91}}]},"5":{"line":17,"type":"binary-expr","locations":[{"start":{"line":17,"column":15},"end":{"line":17,"column":30}},{"start":{"line":17,"column":34},"end":{"line":17,"column":63}},{"start":{"line":17,"column":67},"end":{"line":17,"column":71}}]}},"code":["\"use strict\";","var __extends = (this && this.__extends) || (function () {","    var extendStatics = Object.setPrototypeOf ||","        ({ __proto__: [] } instanceof Array && function (d, b) { d.__proto__ = b; }) ||","        function (d, b) { for (var p in b) if (b.hasOwnProperty(p)) d[p] = b[p]; };","    return function (d, b) {","        extendStatics(d, b);","        function __() { this.constructor = d; }","        d.prototype = b === null ? Object.create(b) : (__.prototype = b.prototype, new __());","    };","})();","Object.defineProperty(exports, \"__esModule\", { value: true });","var display_processor_1 = require(\"../display-processor\");","var SpecDurationsProcessor = (function (_super) {","    __extends(SpecDurationsProcessor, _super);","    function SpecDurationsProcessor() {","        return _super !== null && _super.apply(this, arguments) || this;","    }","    SpecDurationsProcessor.displayDuration = function (spec, log) {","        return log + \" (\" + spec.duration + \")\";","    };","    SpecDurationsProcessor.prototype.displaySuccessfulSpec = function (spec, log) {","        return SpecDurationsProcessor.displayDuration(spec, log);","    };","    SpecDurationsProcessor.prototype.displayFailedSpec = function (spec, log) {","        return SpecDurationsProcessor.displayDuration(spec, log);","    };","    return SpecDurationsProcessor;","}(display_processor_1.DisplayProcessor));","exports.SpecDurationsProcessor = SpecDurationsProcessor;","//# sourceMappingURL=spec-durations-processor.js.map"],"l":{"2":1,"3":1,"4":0,"5":0,"6":1,"7":1,"8":1,"9":1,"12":1,"13":1,"14":1,"15":1,"16":1,"17":0,"19":1,"20":0,"22":1,"23":0,"25":1,"26":0,"28":1,"30":1}},"/home/travis/build/npmtest/node-npmtest-jasmine-spec-reporter/node_modules/jasmine-spec-reporter/built/display/processors/spec-prefixes-processor.js":{"path":"/home/travis/build/npmtest/node-npmtest-jasmine-spec-reporter/node_modules/jasmine-spec-reporter/built/display/processors/spec-prefixes-processor.js","s":{"1":1,"2":1,"3":0,"4":0,"5":0,"6":0,"7":1,"8":1,"9":1,"10":1,"11":1,"12":1,"13":1,"14":1,"15":1,"16":1,"17":0,"18":1,"19":0,"20":1,"21":0,"22":1,"23":0,"24":1,"25":1},"b":{"1":[1,1,1],"2":[1,0,0,0],"3":[0,0],"4":[0,1],"5":[0,0,0]},"f":{"1":1,"2":0,"3":0,"4":1,"5":1,"6":1,"7":0,"8":0,"9":0,"10":0},"fnMap":{"1":{"name":"(anonymous_1)","line":2,"loc":{"start":{"line":2,"column":45},"end":{"line":2,"column":57}}},"2":{"name":"(anonymous_2)","line":4,"loc":{"start":{"line":4,"column":47},"end":{"line":4,"column":63}}},"3":{"name":"(anonymous_3)","line":5,"loc":{"start":{"line":5,"column":8},"end":{"line":5,"column":24}}},"4":{"name":"(anonymous_4)","line":6,"loc":{"start":{"line":6,"column":11},"end":{"line":6,"column":27}}},"5":{"name":"__","line":8,"loc":{"start":{"line":8,"column":8},"end":{"line":8,"column":22}}},"6":{"name":"(anonymous_6)","line":14,"loc":{"start":{"line":14,"column":29},"end":{"line":14,"column":47}}},"7":{"name":"SpecPrefixesProcessor","line":16,"loc":{"start":{"line":16,"column":4},"end":{"line":16,"column":37}}},"8":{"name":"(anonymous_8)","line":19,"loc":{"start":{"line":19,"column":60},"end":{"line":19,"column":81}}},"9":{"name":"(anonymous_9)","line":22,"loc":{"start":{"line":22,"column":56},"end":{"line":22,"column":77}}},"10":{"name":"(anonymous_10)","line":25,"loc":{"start":{"line":25,"column":57},"end":{"line":25,"column":78}}}},"statementMap":{"1":{"start":{"line":2,"column":0},"end":{"line":11,"column":5}},"2":{"start":{"line":3,"column":4},"end":{"line":5,"column":83}},"3":{"start":{"line":4,"column":65},"end":{"line":4,"column":81}},"4":{"start":{"line":5,"column":26},"end":{"line":5,"column":80}},"5":{"start":{"line":5,"column":43},"end":{"line":5,"column":80}},"6":{"start":{"line":5,"column":68},"end":{"line":5,"column":80}},"7":{"start":{"line":6,"column":4},"end":{"line":10,"column":6}},"8":{"start":{"line":7,"column":8},"end":{"line":7,"column":28}},"9":{"start":{"line":8,"column":8},"end":{"line":8,"column":47}},"10":{"start":{"line":8,"column":24},"end":{"line":8,"column":45}},"11":{"start":{"line":9,"column":8},"end":{"line":9,"column":93}},"12":{"start":{"line":12,"column":0},"end":{"line":12,"column":62}},"13":{"start":{"line":13,"column":0},"end":{"line":13,"column":58}},"14":{"start":{"line":14,"column":0},"end":{"line":29,"column":41}},"15":{"start":{"line":15,"column":4},"end":{"line":15,"column":45}},"16":{"start":{"line":16,"column":4},"end":{"line":18,"column":5}},"17":{"start":{"line":17,"column":8},"end":{"line":17,"column":72}},"18":{"start":{"line":19,"column":4},"end":{"line":21,"column":6}},"19":{"start":{"line":20,"column":8},"end":{"line":20,"column":60}},"20":{"start":{"line":22,"column":4},"end":{"line":24,"column":6}},"21":{"start":{"line":23,"column":8},"end":{"line":23,"column":56}},"22":{"start":{"line":25,"column":4},"end":{"line":27,"column":6}},"23":{"start":{"line":26,"column":8},"end":{"line":26,"column":57}},"24":{"start":{"line":28,"column":4},"end":{"line":28,"column":33}},"25":{"start":{"line":30,"column":0},"end":{"line":30,"column":54}}},"branchMap":{"1":{"line":2,"type":"binary-expr","locations":[{"start":{"line":2,"column":17},"end":{"line":2,"column":21}},{"start":{"line":2,"column":25},"end":{"line":2,"column":39}},{"start":{"line":2,"column":44},"end":{"line":11,"column":4}}]},"2":{"line":3,"type":"binary-expr","locations":[{"start":{"line":3,"column":24},"end":{"line":3,"column":45}},{"start":{"line":4,"column":9},"end":{"line":4,"column":43}},{"start":{"line":4,"column":47},"end":{"line":4,"column":83}},{"start":{"line":5,"column":8},"end":{"line":5,"column":82}}]},"3":{"line":5,"type":"if","locations":[{"start":{"line":5,"column":43},"end":{"line":5,"column":43}},{"start":{"line":5,"column":43},"end":{"line":5,"column":43}}]},"4":{"line":9,"type":"cond-expr","locations":[{"start":{"line":9,"column":35},"end":{"line":9,"column":51}},{"start":{"line":9,"column":55},"end":{"line":9,"column":91}}]},"5":{"line":17,"type":"binary-expr","locations":[{"start":{"line":17,"column":15},"end":{"line":17,"column":30}},{"start":{"line":17,"column":34},"end":{"line":17,"column":63}},{"start":{"line":17,"column":67},"end":{"line":17,"column":71}}]}},"code":["\"use strict\";","var __extends = (this && this.__extends) || (function () {","    var extendStatics = Object.setPrototypeOf ||","        ({ __proto__: [] } instanceof Array && function (d, b) { d.__proto__ = b; }) ||","        function (d, b) { for (var p in b) if (b.hasOwnProperty(p)) d[p] = b[p]; };","    return function (d, b) {","        extendStatics(d, b);","        function __() { this.constructor = d; }","        d.prototype = b === null ? Object.create(b) : (__.prototype = b.prototype, new __());","    };","})();","Object.defineProperty(exports, \"__esModule\", { value: true });","var display_processor_1 = require(\"../display-processor\");","var SpecPrefixesProcessor = (function (_super) {","    __extends(SpecPrefixesProcessor, _super);","    function SpecPrefixesProcessor() {","        return _super !== null && _super.apply(this, arguments) || this;","    }","    SpecPrefixesProcessor.prototype.displaySuccessfulSpec = function (spec, log) {","        return this.configuration.prefixes.successful + log;","    };","    SpecPrefixesProcessor.prototype.displayFailedSpec = function (spec, log) {","        return this.configuration.prefixes.failed + log;","    };","    SpecPrefixesProcessor.prototype.displayPendingSpec = function (spec, log) {","        return this.configuration.prefixes.pending + log;","    };","    return SpecPrefixesProcessor;","}(display_processor_1.DisplayProcessor));","exports.SpecPrefixesProcessor = SpecPrefixesProcessor;","//# sourceMappingURL=spec-prefixes-processor.js.map"],"l":{"2":1,"3":1,"4":0,"5":0,"6":1,"7":1,"8":1,"9":1,"12":1,"13":1,"14":1,"15":1,"16":1,"17":0,"19":1,"20":0,"22":1,"23":0,"25":1,"26":0,"28":1,"30":1}},"/home/travis/build/npmtest/node-npmtest-jasmine-spec-reporter/node_modules/jasmine-spec-reporter/built/display/processors/suite-numbering-processor.js":{"path":"/home/travis/build/npmtest/node-npmtest-jasmine-spec-reporter/node_modules/jasmine-spec-reporter/built/display/processors/suite-numbering-processor.js","s":{"1":1,"2":1,"3":0,"4":0,"5":0,"6":0,"7":1,"8":1,"9":1,"10":1,"11":1,"12":1,"13":1,"14":1,"15":1,"16":1,"17":0,"18":0,"19":0,"20":1,"21":0,"22":1,"23":0,"24":1,"25":0,"26":0,"27":1,"28":0,"29":0,"30":0,"31":0,"32":0,"33":0,"34":0,"35":0,"36":0,"37":1,"38":0,"39":0,"40":0,"41":0,"42":0,"43":1,"44":1},"b":{"1":[1,1,1],"2":[1,0,0,0],"3":[0,0],"4":[0,1],"5":[0,0,0],"6":[0,0],"7":[0,0]},"f":{"1":1,"2":0,"3":0,"4":1,"5":1,"6":1,"7":0,"8":0,"9":0,"10":0,"11":0,"12":0},"fnMap":{"1":{"name":"(anonymous_1)","line":2,"loc":{"start":{"line":2,"column":45},"end":{"line":2,"column":57}}},"2":{"name":"(anonymous_2)","line":4,"loc":{"start":{"line":4,"column":47},"end":{"line":4,"column":63}}},"3":{"name":"(anonymous_3)","line":5,"loc":{"start":{"line":5,"column":8},"end":{"line":5,"column":24}}},"4":{"name":"(anonymous_4)","line":6,"loc":{"start":{"line":6,"column":11},"end":{"line":6,"column":27}}},"5":{"name":"__","line":8,"loc":{"start":{"line":8,"column":8},"end":{"line":8,"column":22}}},"6":{"name":"(anonymous_6)","line":14,"loc":{"start":{"line":14,"column":31},"end":{"line":14,"column":49}}},"7":{"name":"SuiteNumberingProcessor","line":16,"loc":{"start":{"line":16,"column":4},"end":{"line":16,"column":39}}},"8":{"name":"(anonymous_8)","line":21,"loc":{"start":{"line":21,"column":44},"end":{"line":21,"column":63}}},"9":{"name":"(anonymous_9)","line":24,"loc":{"start":{"line":24,"column":53},"end":{"line":24,"column":75}}},"10":{"name":"(anonymous_10)","line":27,"loc":{"start":{"line":27,"column":54},"end":{"line":27,"column":71}}},"11":{"name":"(anonymous_11)","line":31,"loc":{"start":{"line":31,"column":57},"end":{"line":31,"column":74}}},"12":{"name":"(anonymous_12)","line":45,"loc":{"start":{"line":45,"column":63},"end":{"line":45,"column":75}}}},"statementMap":{"1":{"start":{"line":2,"column":0},"end":{"line":11,"column":5}},"2":{"start":{"line":3,"column":4},"end":{"line":5,"column":83}},"3":{"start":{"line":4,"column":65},"end":{"line":4,"column":81}},"4":{"start":{"line":5,"column":26},"end":{"line":5,"column":80}},"5":{"start":{"line":5,"column":43},"end":{"line":5,"column":80}},"6":{"start":{"line":5,"column":68},"end":{"line":5,"column":80}},"7":{"start":{"line":6,"column":4},"end":{"line":10,"column":6}},"8":{"start":{"line":7,"column":8},"end":{"line":7,"column":28}},"9":{"start":{"line":8,"column":8},"end":{"line":8,"column":47}},"10":{"start":{"line":8,"column":24},"end":{"line":8,"column":45}},"11":{"start":{"line":9,"column":8},"end":{"line":9,"column":93}},"12":{"start":{"line":12,"column":0},"end":{"line":12,"column":62}},"13":{"start":{"line":13,"column":0},"end":{"line":13,"column":58}},"14":{"start":{"line":14,"column":0},"end":{"line":54,"column":41}},"15":{"start":{"line":15,"column":4},"end":{"line":15,"column":47}},"16":{"start":{"line":16,"column":4},"end":{"line":20,"column":5}},"17":{"start":{"line":17,"column":8},"end":{"line":17,"column":77}},"18":{"start":{"line":18,"column":8},"end":{"line":18,"column":34}},"19":{"start":{"line":19,"column":8},"end":{"line":19,"column":21}},"20":{"start":{"line":21,"column":4},"end":{"line":23,"column":6}},"21":{"start":{"line":22,"column":8},"end":{"line":22,"column":72}},"22":{"start":{"line":24,"column":4},"end":{"line":26,"column":6}},"23":{"start":{"line":25,"column":8},"end":{"line":25,"column":53}},"24":{"start":{"line":27,"column":4},"end":{"line":30,"column":6}},"25":{"start":{"line":28,"column":8},"end":{"line":28,"column":37}},"26":{"start":{"line":29,"column":8},"end":{"line":29,"column":45}},"27":{"start":{"line":31,"column":4},"end":{"line":44,"column":6}},"28":{"start":{"line":32,"column":8},"end":{"line":32,"column":70}},"29":{"start":{"line":33,"column":8},"end":{"line":33,"column":18}},"30":{"start":{"line":34,"column":8},"end":{"line":40,"column":9}},"31":{"start":{"line":35,"column":12},"end":{"line":39,"column":13}},"32":{"start":{"line":36,"column":16},"end":{"line":36,"column":48}},"33":{"start":{"line":37,"column":16},"end":{"line":37,"column":86}},"34":{"start":{"line":38,"column":16},"end":{"line":38,"column":22}},"35":{"start":{"line":41,"column":8},"end":{"line":43,"column":9}},"36":{"start":{"line":42,"column":12},"end":{"line":42,"column":70}},"37":{"start":{"line":45,"column":4},"end":{"line":52,"column":6}},"38":{"start":{"line":46,"column":8},"end":{"line":46,"column":33}},"39":{"start":{"line":47,"column":8},"end":{"line":50,"column":9}},"40":{"start":{"line":48,"column":12},"end":{"line":48,"column":31}},"41":{"start":{"line":49,"column":12},"end":{"line":49,"column":50}},"42":{"start":{"line":51,"column":8},"end":{"line":51,"column":72}},"43":{"start":{"line":53,"column":4},"end":{"line":53,"column":35}},"44":{"start":{"line":55,"column":0},"end":{"line":55,"column":58}}},"branchMap":{"1":{"line":2,"type":"binary-expr","locations":[{"start":{"line":2,"column":17},"end":{"line":2,"column":21}},{"start":{"line":2,"column":25},"end":{"line":2,"column":39}},{"start":{"line":2,"column":44},"end":{"line":11,"column":4}}]},"2":{"line":3,"type":"binary-expr","locations":[{"start":{"line":3,"column":24},"end":{"line":3,"column":45}},{"start":{"line":4,"column":9},"end":{"line":4,"column":43}},{"start":{"line":4,"column":47},"end":{"line":4,"column":83}},{"start":{"line":5,"column":8},"end":{"line":5,"column":82}}]},"3":{"line":5,"type":"if","locations":[{"start":{"line":5,"column":43},"end":{"line":5,"column":43}},{"start":{"line":5,"column":43},"end":{"line":5,"column":43}}]},"4":{"line":9,"type":"cond-expr","locations":[{"start":{"line":9,"column":35},"end":{"line":9,"column":51}},{"start":{"line":9,"column":55},"end":{"line":9,"column":91}}]},"5":{"line":17,"type":"binary-expr","locations":[{"start":{"line":17,"column":20},"end":{"line":17,"column":35}},{"start":{"line":17,"column":39},"end":{"line":17,"column":68}},{"start":{"line":17,"column":72},"end":{"line":17,"column":76}}]},"6":{"line":35,"type":"if","locations":[{"start":{"line":35,"column":12},"end":{"line":35,"column":12}},{"start":{"line":35,"column":12},"end":{"line":35,"column":12}}]},"7":{"line":41,"type":"if","locations":[{"start":{"line":41,"column":8},"end":{"line":41,"column":8}},{"start":{"line":41,"column":8},"end":{"line":41,"column":8}}]}},"code":["\"use strict\";","var __extends = (this && this.__extends) || (function () {","    var extendStatics = Object.setPrototypeOf ||","        ({ __proto__: [] } instanceof Array && function (d, b) { d.__proto__ = b; }) ||","        function (d, b) { for (var p in b) if (b.hasOwnProperty(p)) d[p] = b[p]; };","    return function (d, b) {","        extendStatics(d, b);","        function __() { this.constructor = d; }","        d.prototype = b === null ? Object.create(b) : (__.prototype = b.prototype, new __());","    };","})();","Object.defineProperty(exports, \"__esModule\", { value: true });","var display_processor_1 = require(\"../display-processor\");","var SuiteNumberingProcessor = (function (_super) {","    __extends(SuiteNumberingProcessor, _super);","    function SuiteNumberingProcessor() {","        var _this = _super !== null && _super.apply(this, arguments) || this;","        _this.suiteHierarchy = [];","        return _this;","    }","    SuiteNumberingProcessor.getParentName = function (element) {","        return element.fullName.replace(element.description, \"\").trim();","    };","    SuiteNumberingProcessor.prototype.displaySuite = function (suite, log) {","        return this.computeNumber(suite) + \" \" + log;","    };","    SuiteNumberingProcessor.prototype.computeNumber = function (suite) {","        this.computeHierarchy(suite);","        return this.computeHierarchyNumber();","    };","    SuiteNumberingProcessor.prototype.computeHierarchy = function (suite) {","        var parentName = SuiteNumberingProcessor.getParentName(suite);","        var i = 0;","        for (; i < this.suiteHierarchy.length; i++) {","            if (this.suiteHierarchy[i].name === parentName) {","                this.suiteHierarchy[i].number++;","                this.suiteHierarchy.splice(i + 1, this.suiteHierarchy.length - i - 1);","                break;","            }","        }","        if (i === this.suiteHierarchy.length) {","            this.suiteHierarchy.push({ name: parentName, number: 1 });","        }","    };","    SuiteNumberingProcessor.prototype.computeHierarchyNumber = function () {","        var hierarchyNumber = \"\";","        for (var _i = 0, _a = this.suiteHierarchy; _i < _a.length; _i++) {","            var suite = _a[_i];","            hierarchyNumber += suite.number + \".\";","        }","        return hierarchyNumber.substring(0, hierarchyNumber.length - 1);","    };","    return SuiteNumberingProcessor;","}(display_processor_1.DisplayProcessor));","exports.SuiteNumberingProcessor = SuiteNumberingProcessor;","//# sourceMappingURL=suite-numbering-processor.js.map"],"l":{"2":1,"3":1,"4":0,"5":0,"6":1,"7":1,"8":1,"9":1,"12":1,"13":1,"14":1,"15":1,"16":1,"17":0,"18":0,"19":0,"21":1,"22":0,"24":1,"25":0,"27":1,"28":0,"29":0,"31":1,"32":0,"33":0,"34":0,"35":0,"36":0,"37":0,"38":0,"41":0,"42":0,"45":1,"46":0,"47":0,"48":0,"49":0,"51":0,"53":1,"55":1}},"/home/travis/build/npmtest/node-npmtest-jasmine-spec-reporter/node_modules/jasmine-spec-reporter/built/types.js":{"path":"/home/travis/build/npmtest/node-npmtest-jasmine-spec-reporter/node_modules/jasmine-spec-reporter/built/types.js","s":{},"b":{},"f":{},"fnMap":{},"statementMap":{},"branchMap":{},"code":["//# sourceMappingURL=types.js.map"],"l":{}},"/home/travis/build/npmtest/node-npmtest-jasmine-spec-reporter/node_modules/jasmine-spec-reporter/built/display/colors-theme.js":{"path":"/home/travis/build/npmtest/node-npmtest-jasmine-spec-reporter/node_modules/jasmine-spec-reporter/built/display/colors-theme.js","s":{},"b":{},"f":{},"fnMap":{},"statementMap":{},"branchMap":{},"code":["//# sourceMappingURL=colors-theme.js.map"],"l":{}}}